[debug] [2024-01-25T13:17:44.593Z] ----------------------------------------------------------------------
[debug] [2024-01-25T13:17:44.594Z] Command:       /Users/kleinyann/.nvm/versions/node/v14.18.3/bin/node /usr/local/bin/firebase serve --only functions -p 5001
[debug] [2024-01-25T13:17:44.595Z] CLI Version:   9.10.0
[debug] [2024-01-25T13:17:44.595Z] Platform:      darwin
[debug] [2024-01-25T13:17:44.595Z] Node Version:  v14.18.3
[debug] [2024-01-25T13:17:44.595Z] Time:          Thu Jan 25 2024 22:17:44 GMT+0900 (Japan Standard Time)
[debug] [2024-01-25T13:17:44.595Z] ----------------------------------------------------------------------
[debug] 
[debug] [2024-01-25T13:17:44.602Z] > command requires scopes: ["email","openid","https://www.googleapis.com/auth/cloudplatformprojects.readonly","https://www.googleapis.com/auth/firebase","https://www.googleapis.com/auth/cloud-platform"]
[debug] [2024-01-25T13:17:44.602Z] > authorizing via signed-in user (yann.luc.klein@gmail.com)
[debug] [2024-01-25T13:17:44.602Z] [iam] checking project the-angels-share for permissions ["firebase.projects.get"]
[debug] [2024-01-25T13:17:44.603Z] > refreshing access token with scopes: ["email","https://www.googleapis.com/auth/cloud-platform","https://www.googleapis.com/auth/cloudplatformprojects.readonly","https://www.googleapis.com/auth/firebase","openid"]
[debug] [2024-01-25T13:17:44.603Z] >>> HTTP REQUEST POST https://www.googleapis.com/oauth2/v3/token  
 <request body omitted>
[debug] [2024-01-25T13:17:44.835Z] <<< HTTP RESPONSE 200 {"expires":"Mon, 01 Jan 1990 00:00:00 GMT","cache-control":"no-cache, no-store, max-age=0, must-revalidate","pragma":"no-cache","date":"Thu, 25 Jan 2024 13:17:44 GMT","content-type":"application/json; charset=utf-8","vary":"X-Origin, Referer, Origin,Accept-Encoding","server":"scaffolding on HTTPServer2","x-xss-protection":"0","x-frame-options":"SAMEORIGIN","x-content-type-options":"nosniff","alt-svc":"h3=\":443\"; ma=2592000,h3-29=\":443\"; ma=2592000","accept-ranges":"none","transfer-encoding":"chunked"}
[debug] [2024-01-25T13:17:44.874Z] >>> HTTP REQUEST POST https://cloudresourcemanager.googleapis.com/v1/projects/the-angels-share:testIamPermissions  
 {"permissions":["firebase.projects.get"]}
[debug] [2024-01-25T13:17:45.764Z] <<< HTTP RESPONSE 200 {"content-type":"application/json; charset=UTF-8","vary":"X-Origin, Referer, Origin,Accept-Encoding","date":"Thu, 25 Jan 2024 13:17:45 GMT","server":"ESF","cache-control":"private","x-xss-protection":"0","x-frame-options":"SAMEORIGIN","x-content-type-options":"nosniff","server-timing":"gfet4t7; dur=666","alt-svc":"h3=\":443\"; ma=2592000,h3-29=\":443\"; ma=2592000","accept-ranges":"none","transfer-encoding":"chunked"}
[debug] [2024-01-25T13:17:45.768Z] > refreshing access token with scopes: []
[debug] [2024-01-25T13:17:45.768Z] >>> HTTP REQUEST POST https://www.googleapis.com/oauth2/v3/token  
 <request body omitted>
[debug] [2024-01-25T13:17:46.029Z] <<< HTTP RESPONSE 200 {"expires":"Mon, 01 Jan 1990 00:00:00 GMT","pragma":"no-cache","date":"Thu, 25 Jan 2024 13:17:46 GMT","cache-control":"no-cache, no-store, max-age=0, must-revalidate","content-type":"application/json; charset=utf-8","vary":"X-Origin, Referer, Origin,Accept-Encoding","server":"scaffolding on HTTPServer2","x-xss-protection":"0","x-frame-options":"SAMEORIGIN","x-content-type-options":"nosniff","alt-svc":"h3=\":443\"; ma=2592000,h3-29=\":443\"; ma=2592000","accept-ranges":"none","transfer-encoding":"chunked"}
[debug] [2024-01-25T13:17:46.045Z] >>> [apiv2][query] GET https://firebase.googleapis.com/v1beta1/projects/the-angels-share [none]
[debug] [2024-01-25T13:17:46.495Z] <<< [apiv2][status] GET https://firebase.googleapis.com/v1beta1/projects/the-angels-share 200
[debug] [2024-01-25T13:17:46.496Z] <<< [apiv2][body] GET https://firebase.googleapis.com/v1beta1/projects/the-angels-share {"projectId":"the-angels-share","projectNumber":"123069590327","displayName":"The angels share","name":"projects/the-angels-share","resources":{"hostingSite":"the-angels-share","storageBucket":"the-angels-share.appspot.com","locationId":"europe-west"},"state":"ACTIVE","etag":"1_c1c3a04b-1cad-489e-8c22-da33d243deb1"}
[warn] ⚠  Your requested "node" version "10" doesn't match your global version "14" {"metadata":{"emulator":{"name":"functions"},"message":"Your requested \"node\" version \"10\" doesn't match your global version \"14\""}}
[warn] ⚠  functions: Your GOOGLE_APPLICATION_CREDENTIALS environment variable points to /Users/kleinyann/.gcp/arte-jr-subber-0f20835848c6.json. Non-emulated services will access production using these credentials. Be careful! {"metadata":{"emulator":{"name":"functions"},"message":"Your GOOGLE_APPLICATION_CREDENTIALS environment variable points to /Users/kleinyann/.gcp/arte-jr-subber-0f20835848c6.json. Non-emulated services will access production using these credentials. Be careful!"}}
[debug] [2024-01-25T13:17:46.528Z] >>> [apiv2][query] GET https://firebase.googleapis.com/v1beta1/projects/the-angels-share/adminSdkConfig [none]
[debug] [2024-01-25T13:17:47.721Z] <<< [apiv2][status] GET https://firebase.googleapis.com/v1beta1/projects/the-angels-share/adminSdkConfig 200
[debug] [2024-01-25T13:17:47.721Z] <<< [apiv2][body] GET https://firebase.googleapis.com/v1beta1/projects/the-angels-share/adminSdkConfig {"projectId":"the-angels-share","storageBucket":"the-angels-share.appspot.com","locationId":"europe-west"}
[info] i  functions: Watching "/Users/kleinyann/github/angels-share/functions" for Cloud Functions... {"metadata":{"emulator":{"name":"functions"},"message":"Watching \"/Users/kleinyann/github/angels-share/functions\" for Cloud Functions..."}}
[debug] [2024-01-25T13:17:47.827Z] [worker-pool] addWorker(~diagnostic~) {"metadata":{"emulator":{"name":"functions"},"message":"[worker-pool] addWorker(~diagnostic~)"}}
[debug] [2024-01-25T13:17:47.828Z] [worker-pool] Adding worker with key ~diagnostic~, total=1 {"metadata":{"emulator":{"name":"functions"},"message":"[worker-pool] Adding worker with key ~diagnostic~, total=1"}}
[debug] [2024-01-25T13:17:47.829Z] [worker-pool] submitWork(triggerId=) {"metadata":{"emulator":{"name":"functions"},"message":"[worker-pool] submitWork(triggerId=)"}}
[debug] [2024-01-25T13:17:47.829Z] [worker-~diagnostic~-ac5f1860-b90a-4c38-9c22-0724689069a0]: Assigning socketPath: /var/folders/lr/tdb6jfxn63l9gyptf84nbnfc0000gn/T/fire_emu_72589.sock {"metadata":{"emulator":{"name":"functions"},"message":"[worker-~diagnostic~-ac5f1860-b90a-4c38-9c22-0724689069a0]: Assigning socketPath: /var/folders/lr/tdb6jfxn63l9gyptf84nbnfc0000gn/T/fire_emu_72589.sock"}}
[debug] [2024-01-25T13:17:47.830Z] [worker-~diagnostic~-ac5f1860-b90a-4c38-9c22-0724689069a0]: BUSY {"metadata":{"emulator":{"name":"functions"},"message":"[worker-~diagnostic~-ac5f1860-b90a-4c38-9c22-0724689069a0]: BUSY"}}
[debug] [2024-01-25T13:17:47.961Z] [runtime-status] [72589] Functions runtime initialized. {"cwd":"/Users/kleinyann/github/angels-share/functions","node_version":"14.18.3"} {"metadata":{"emulator":{"name":"functions"},"message":"[runtime-status] [72589] Functions runtime initialized. {\"cwd\":\"/Users/kleinyann/github/angels-share/functions\",\"node_version\":\"14.18.3\"}"}}
[debug] [2024-01-25T13:17:47.962Z] [runtime-status] [72589] Disabled runtime features: undefined {"metadata":{"emulator":{"name":"functions"},"message":"[runtime-status] [72589] Disabled runtime features: undefined"}}
[debug] [2024-01-25T13:17:47.965Z] [runtime-status] [72589] Resolved module firebase-admin {"declared":true,"installed":true,"version":"9.2.0","resolution":"/Users/kleinyann/github/angels-share/functions/node_modules/firebase-admin/lib/index.js"} {"metadata":{"emulator":{"name":"functions"},"message":"[runtime-status] [72589] Resolved module firebase-admin {\"declared\":true,\"installed\":true,\"version\":\"9.2.0\",\"resolution\":\"/Users/kleinyann/github/angels-share/functions/node_modules/firebase-admin/lib/index.js\"}"}}
[debug] [2024-01-25T13:17:47.966Z] [runtime-status] [72589] Resolved module firebase-functions {"declared":true,"installed":true,"version":"3.11.0","resolution":"/Users/kleinyann/github/angels-share/functions/node_modules/firebase-functions/lib/index.js"} {"metadata":{"emulator":{"name":"functions"},"message":"[runtime-status] [72589] Resolved module firebase-functions {\"declared\":true,\"installed\":true,\"version\":\"3.11.0\",\"resolution\":\"/Users/kleinyann/github/angels-share/functions/node_modules/firebase-functions/lib/index.js\"}"}}
[debug] [2024-01-25T13:17:47.967Z] [runtime-status] [72589] Resolved module firebase-functions {"declared":true,"installed":true,"version":"3.11.0","resolution":"/Users/kleinyann/github/angels-share/functions/node_modules/firebase-functions/lib/index.js"} {"metadata":{"emulator":{"name":"functions"},"message":"[runtime-status] [72589] Resolved module firebase-functions {\"declared\":true,\"installed\":true,\"version\":\"3.11.0\",\"resolution\":\"/Users/kleinyann/github/angels-share/functions/node_modules/firebase-functions/lib/index.js\"}"}}
[debug] [2024-01-25T13:17:47.968Z] [runtime-status] [72589] Outgoing network have been stubbed. [{"name":"http","status":"mocked"},{"name":"http","status":"mocked"},{"name":"https","status":"mocked"},{"name":"https","status":"mocked"},{"name":"net","status":"mocked"}] {"metadata":{"emulator":{"name":"functions"},"message":"[runtime-status] [72589] Outgoing network have been stubbed. [{\"name\":\"http\",\"status\":\"mocked\"},{\"name\":\"http\",\"status\":\"mocked\"},{\"name\":\"https\",\"status\":\"mocked\"},{\"name\":\"https\",\"status\":\"mocked\"},{\"name\":\"net\",\"status\":\"mocked\"}]"}}
[debug] [2024-01-25T13:17:47.968Z] [runtime-status] [72589] Resolved module firebase-functions {"declared":true,"installed":true,"version":"3.11.0","resolution":"/Users/kleinyann/github/angels-share/functions/node_modules/firebase-functions/lib/index.js"} {"metadata":{"emulator":{"name":"functions"},"message":"[runtime-status] [72589] Resolved module firebase-functions {\"declared\":true,\"installed\":true,\"version\":\"3.11.0\",\"resolution\":\"/Users/kleinyann/github/angels-share/functions/node_modules/firebase-functions/lib/index.js\"}"}}
[debug] [2024-01-25T13:17:47.990Z] [runtime-status] [72589] Checked functions.config() {"config":{}} {"metadata":{"emulator":{"name":"functions"},"message":"[runtime-status] [72589] Checked functions.config() {\"config\":{}}"}}
[debug] [2024-01-25T13:17:47.990Z] [runtime-status] [72589] firebase-functions has been stubbed. {"functionsResolution":{"declared":true,"installed":true,"version":"3.11.0","resolution":"/Users/kleinyann/github/angels-share/functions/node_modules/firebase-functions/lib/index.js"}} {"metadata":{"emulator":{"name":"functions"},"message":"[runtime-status] [72589] firebase-functions has been stubbed. {\"functionsResolution\":{\"declared\":true,\"installed\":true,\"version\":\"3.11.0\",\"resolution\":\"/Users/kleinyann/github/angels-share/functions/node_modules/firebase-functions/lib/index.js\"}}"}}
[debug] [2024-01-25T13:17:47.990Z] [runtime-status] [72589] Resolved module firebase-functions {"declared":true,"installed":true,"version":"3.11.0","resolution":"/Users/kleinyann/github/angels-share/functions/node_modules/firebase-functions/lib/index.js"} {"metadata":{"emulator":{"name":"functions"},"message":"[runtime-status] [72589] Resolved module firebase-functions {\"declared\":true,\"installed\":true,\"version\":\"3.11.0\",\"resolution\":\"/Users/kleinyann/github/angels-share/functions/node_modules/firebase-functions/lib/index.js\"}"}}
[debug] [2024-01-25T13:17:47.991Z] [runtime-status] [72589] Resolved module firebase-admin {"declared":true,"installed":true,"version":"9.2.0","resolution":"/Users/kleinyann/github/angels-share/functions/node_modules/firebase-admin/lib/index.js"} {"metadata":{"emulator":{"name":"functions"},"message":"[runtime-status] [72589] Resolved module firebase-admin {\"declared\":true,\"installed\":true,\"version\":\"9.2.0\",\"resolution\":\"/Users/kleinyann/github/angels-share/functions/node_modules/firebase-admin/lib/index.js\"}"}}
[debug] [2024-01-25T13:17:47.991Z] [runtime-status] [72589] Resolved module firebase-functions {"declared":true,"installed":true,"version":"3.11.0","resolution":"/Users/kleinyann/github/angels-share/functions/node_modules/firebase-functions/lib/index.js"} {"metadata":{"emulator":{"name":"functions"},"message":"[runtime-status] [72589] Resolved module firebase-functions {\"declared\":true,\"installed\":true,\"version\":\"3.11.0\",\"resolution\":\"/Users/kleinyann/github/angels-share/functions/node_modules/firebase-functions/lib/index.js\"}"}}
[debug] [2024-01-25T13:17:47.991Z] [runtime-status] [72589] firebase-admin has been stubbed. {"adminResolution":{"declared":true,"installed":true,"version":"9.2.0","resolution":"/Users/kleinyann/github/angels-share/functions/node_modules/firebase-admin/lib/index.js"}} {"metadata":{"emulator":{"name":"functions"},"message":"[runtime-status] [72589] firebase-admin has been stubbed. {\"adminResolution\":{\"declared\":true,\"installed\":true,\"version\":\"9.2.0\",\"resolution\":\"/Users/kleinyann/github/angels-share/functions/node_modules/firebase-admin/lib/index.js\"}}"}}
[debug] [2024-01-25T13:17:48.012Z] [runtime-status] [72589] initializeApp(DEFAULT) {"storageBucket":"the-angels-share.appspot.com","projectId":"the-angels-share"} {"metadata":{"emulator":{"name":"functions"},"message":"[runtime-status] [72589] initializeApp(DEFAULT) {\"storageBucket\":\"the-angels-share.appspot.com\",\"projectId\":\"the-angels-share\"}"}}
[warn] ⚠  functions: The Cloud Firestore emulator is not running, so calls to Firestore will affect production. {"metadata":{"emulator":{"name":"functions"},"message":"The Cloud Firestore emulator is not running, so calls to Firestore will affect production."}}
[info] ✔  functions[createUser]: http function initialized (http://localhost:5001/the-angels-share/europe-west1/createUser). {"metadata":{"emulator":{"name":"functions"},"message":"\u001b[1mhttp\u001b[22m function initialized (http://localhost:5001/the-angels-share/europe-west1/createUser)."}}
[info] ✔  functions[editUser]: http function initialized (http://localhost:5001/the-angels-share/europe-west1/editUser). {"metadata":{"emulator":{"name":"functions"},"message":"\u001b[1mhttp\u001b[22m function initialized (http://localhost:5001/the-angels-share/europe-west1/editUser)."}}
[info] i  functions[scheduledMail]: function ignored because the pubsub emulator does not exist or is not running. {"metadata":{"emulator":{"name":"functions"},"message":"function ignored because the pubsub emulator does not exist or is not running."}}
[debug] [2024-01-25T13:17:48.187Z] [worker-~diagnostic~-ac5f1860-b90a-4c38-9c22-0724689069a0]: IDLE {"metadata":{"emulator":{"name":"functions"},"message":"[worker-~diagnostic~-ac5f1860-b90a-4c38-9c22-0724689069a0]: IDLE"}}
