[debug] [2021-05-01T08:14:12.667Z] ----------------------------------------------------------------------
[debug] [2021-05-01T08:14:12.669Z] Command:       /usr/local/Cellar/node/14.14.0/bin/node /usr/local/bin/firebase deploy
[debug] [2021-05-01T08:14:12.670Z] CLI Version:   9.10.0
[debug] [2021-05-01T08:14:12.670Z] Platform:      darwin
[debug] [2021-05-01T08:14:12.670Z] Node Version:  v14.14.0
[debug] [2021-05-01T08:14:12.671Z] Time:          Sat May 01 2021 17:14:12 GMT+0900 (Japan Standard Time)
[debug] [2021-05-01T08:14:12.671Z] ----------------------------------------------------------------------
[debug] 
[debug] [2021-05-01T08:14:12.680Z] > command requires scopes: ["email","openid","https://www.googleapis.com/auth/cloudplatformprojects.readonly","https://www.googleapis.com/auth/firebase","https://www.googleapis.com/auth/cloud-platform"]
[debug] [2021-05-01T08:14:12.680Z] > authorizing via signed-in user (yann.luc.klein@gmail.com)
[debug] [2021-05-01T08:14:12.680Z] [iam] checking project the-angels-share for permissions ["cloudfunctions.functions.create","cloudfunctions.functions.delete","cloudfunctions.functions.get","cloudfunctions.functions.list","cloudfunctions.functions.update","cloudfunctions.operations.get","datastore.indexes.create","datastore.indexes.delete","datastore.indexes.list","datastore.indexes.update","firebase.projects.get","firebasehosting.sites.update","firebaserules.releases.create","firebaserules.releases.update","firebaserules.rulesets.create"]
[debug] [2021-05-01T08:14:12.682Z] > refreshing access token with scopes: ["email","https://www.googleapis.com/auth/cloud-platform","https://www.googleapis.com/auth/cloudplatformprojects.readonly","https://www.googleapis.com/auth/firebase","openid"]
[debug] [2021-05-01T08:14:12.682Z] >>> HTTP REQUEST POST https://www.googleapis.com/oauth2/v3/token  
 <request body omitted>
[debug] [2021-05-01T08:14:13.102Z] <<< HTTP RESPONSE 200 {"pragma":"no-cache","date":"Sat, 01 May 2021 08:14:13 GMT","cache-control":"no-cache, no-store, max-age=0, must-revalidate","expires":"Mon, 01 Jan 1990 00:00:00 GMT","content-type":"application/json; charset=utf-8","vary":"X-Origin, Referer, Origin,Accept-Encoding","server":"scaffolding on HTTPServer2","x-xss-protection":"0","x-frame-options":"SAMEORIGIN","x-content-type-options":"nosniff","alt-svc":"h3-29=\":443\"; ma=2592000,h3-T051=\":443\"; ma=2592000,h3-Q050=\":443\"; ma=2592000,h3-Q046=\":443\"; ma=2592000,h3-Q043=\":443\"; ma=2592000,quic=\":443\"; ma=2592000; v=\"46,43\"","accept-ranges":"none","transfer-encoding":"chunked"}
[debug] [2021-05-01T08:14:13.162Z] >>> HTTP REQUEST POST https://cloudresourcemanager.googleapis.com/v1/projects/the-angels-share:testIamPermissions  
 {"permissions":["cloudfunctions.functions.create","cloudfunctions.functions.delete","cloudfunctions.functions.get","cloudfunctions.functions.list","cloudfunctions.functions.update","cloudfunctions.operations.get","datastore.indexes.create","datastore.indexes.delete","datastore.indexes.list","datastore.indexes.update","firebase.projects.get","firebasehosting.sites.update","firebaserules.releases.create","firebaserules.releases.update","firebaserules.rulesets.create"]}
[debug] [2021-05-01T08:14:14.069Z] <<< HTTP RESPONSE 200 {"content-type":"application/json; charset=UTF-8","vary":"X-Origin, Referer, Origin,Accept-Encoding","date":"Sat, 01 May 2021 08:14:14 GMT","server":"ESF","cache-control":"private","x-xss-protection":"0","x-frame-options":"SAMEORIGIN","x-content-type-options":"nosniff","server-timing":"gfet4t7; dur=580","alt-svc":"h3-29=\":443\"; ma=2592000,h3-T051=\":443\"; ma=2592000,h3-Q050=\":443\"; ma=2592000,h3-Q046=\":443\"; ma=2592000,h3-Q043=\":443\"; ma=2592000,quic=\":443\"; ma=2592000; v=\"46,43\"","accept-ranges":"none","transfer-encoding":"chunked"}
[debug] [2021-05-01T08:14:14.070Z] >>> HTTP REQUEST POST https://iam.googleapis.com/v1/projects/the-angels-share/serviceAccounts/the-angels-share@appspot.gserviceaccount.com:testIamPermissions  
 {"permissions":["iam.serviceAccounts.actAs"]}
[debug] [2021-05-01T08:14:15.110Z] <<< HTTP RESPONSE 200 {"content-type":"application/json; charset=UTF-8","vary":"X-Origin, Referer, Origin,Accept-Encoding","date":"Sat, 01 May 2021 08:14:15 GMT","server":"ESF","cache-control":"private","x-xss-protection":"0","x-frame-options":"SAMEORIGIN","x-content-type-options":"nosniff","alt-svc":"h3-29=\":443\"; ma=2592000,h3-T051=\":443\"; ma=2592000,h3-Q050=\":443\"; ma=2592000,h3-Q046=\":443\"; ma=2592000,h3-Q043=\":443\"; ma=2592000,quic=\":443\"; ma=2592000; v=\"46,43\"","accept-ranges":"none","transfer-encoding":"chunked"}
[debug] [2021-05-01T08:14:15.113Z] > refreshing access token with scopes: []
[debug] [2021-05-01T08:14:15.113Z] >>> HTTP REQUEST POST https://www.googleapis.com/oauth2/v3/token  
 <request body omitted>
[debug] [2021-05-01T08:14:15.475Z] <<< HTTP RESPONSE 200 {"expires":"Mon, 01 Jan 1990 00:00:00 GMT","pragma":"no-cache","cache-control":"no-cache, no-store, max-age=0, must-revalidate","date":"Sat, 01 May 2021 08:14:15 GMT","content-type":"application/json; charset=utf-8","vary":"X-Origin, Referer, Origin,Accept-Encoding","server":"scaffolding on HTTPServer2","x-xss-protection":"0","x-frame-options":"SAMEORIGIN","x-content-type-options":"nosniff","alt-svc":"h3-29=\":443\"; ma=2592000,h3-T051=\":443\"; ma=2592000,h3-Q050=\":443\"; ma=2592000,h3-Q046=\":443\"; ma=2592000,h3-Q043=\":443\"; ma=2592000,quic=\":443\"; ma=2592000; v=\"46,43\"","accept-ranges":"none","transfer-encoding":"chunked"}
[debug] [2021-05-01T08:14:15.536Z] >>> [apiv2][query] GET https://firebase.googleapis.com/v1beta1/projects/the-angels-share [none]
[debug] [2021-05-01T08:14:16.440Z] <<< [apiv2][status] GET https://firebase.googleapis.com/v1beta1/projects/the-angels-share 200
[debug] [2021-05-01T08:14:16.440Z] <<< [apiv2][body] GET https://firebase.googleapis.com/v1beta1/projects/the-angels-share {"projectId":"the-angels-share","projectNumber":"123069590327","displayName":"The angels share","name":"projects/the-angels-share","resources":{"hostingSite":"the-angels-share","storageBucket":"the-angels-share.appspot.com","locationId":"europe-west"},"state":"ACTIVE"}
[warn] ⚠  functions: package.json indicates an outdated version of firebase-functions.
Please upgrade using npm install --save firebase-functions@latest in your functions directory. 
[info] 
[info] === Deploying to 'the-angels-share'...
[info] 
[info] i  deploying storage, firestore, functions, hosting 
[info] Running command: npm --prefix "$RESOURCE_DIR" run lint
[info] ✔  functions: Finished running predeploy script. 
[debug] [2021-05-01T08:14:19.832Z] > refreshing access token with scopes: ["email","https://www.googleapis.com/auth/cloud-platform","https://www.googleapis.com/auth/cloudplatformprojects.readonly","https://www.googleapis.com/auth/firebase","openid"]
[debug] [2021-05-01T08:14:19.832Z] >>> HTTP REQUEST POST https://www.googleapis.com/oauth2/v3/token  
 <request body omitted>
[debug] [2021-05-01T08:14:20.221Z] <<< HTTP RESPONSE 200 {"expires":"Mon, 01 Jan 1990 00:00:00 GMT","date":"Sat, 01 May 2021 08:14:20 GMT","cache-control":"no-cache, no-store, max-age=0, must-revalidate","pragma":"no-cache","content-type":"application/json; charset=utf-8","vary":"X-Origin, Referer, Origin,Accept-Encoding","server":"scaffolding on HTTPServer2","x-xss-protection":"0","x-frame-options":"SAMEORIGIN","x-content-type-options":"nosniff","alt-svc":"h3-29=\":443\"; ma=2592000,h3-T051=\":443\"; ma=2592000,h3-Q050=\":443\"; ma=2592000,h3-Q046=\":443\"; ma=2592000,h3-Q043=\":443\"; ma=2592000,quic=\":443\"; ma=2592000; v=\"46,43\"","accept-ranges":"none","transfer-encoding":"chunked"}
[debug] [2021-05-01T08:14:20.280Z] >>> HTTP REQUEST GET https://appengine.googleapis.com/v1/apps/the-angels-share  
 
[debug] [2021-05-01T08:14:21.029Z] <<< HTTP RESPONSE 200 {"content-type":"application/json; charset=UTF-8","vary":"X-Origin, Referer, Origin,Accept-Encoding","date":"Sat, 01 May 2021 08:14:21 GMT","server":"ESF","cache-control":"private","x-xss-protection":"0","x-frame-options":"SAMEORIGIN","x-content-type-options":"nosniff","alt-svc":"h3-29=\":443\"; ma=2592000,h3-T051=\":443\"; ma=2592000,h3-Q050=\":443\"; ma=2592000,h3-Q046=\":443\"; ma=2592000,h3-Q043=\":443\"; ma=2592000,quic=\":443\"; ma=2592000; v=\"46,43\"","accept-ranges":"none","transfer-encoding":"chunked"}
[info] i  firebase.storage: checking storage.rules for compilation errors... 
[debug] [2021-05-01T08:14:21.033Z] >>> HTTP REQUEST POST https://firebaserules.googleapis.com/v1/projects/the-angels-share:test  
 {"source":{"files":[{"name":"storage.rules","content":"service firebase.storage {\n  match /b/{bucket}/o {\n    match /{allPaths=**} {\n      allow read, write: if request.auth != null;\n    }\n  }\n}\n"}]}}
[debug] [2021-05-01T08:14:22.366Z] <<< HTTP RESPONSE 200 {"content-type":"application/json; charset=UTF-8","vary":"X-Origin, Referer, Origin,Accept-Encoding","date":"Sat, 01 May 2021 08:14:22 GMT","server":"ESF","cache-control":"private","x-xss-protection":"0","x-frame-options":"SAMEORIGIN","x-content-type-options":"nosniff","alt-svc":"h3-29=\":443\"; ma=2592000,h3-T051=\":443\"; ma=2592000,h3-Q050=\":443\"; ma=2592000,h3-Q046=\":443\"; ma=2592000,h3-Q043=\":443\"; ma=2592000,quic=\":443\"; ma=2592000; v=\"46,43\"","accept-ranges":"none","transfer-encoding":"chunked"}
[warn] ⚠  [W] undefined:undefined - Ruleset uses old version (version [1]). Please update to the latest version (version [2]). 
[info] ✔  firebase.storage: rules file storage.rules compiled successfully 
[info] i  firestore: reading indexes from firestore.indexes.json... 
[info] i  cloud.firestore: checking firestore.rules for compilation errors... 
[debug] [2021-05-01T08:14:22.371Z] >>> HTTP REQUEST POST https://firebaserules.googleapis.com/v1/projects/the-angels-share:test  
 {"source":{"files":[{"name":"firestore.rules","content":"service cloud.firestore {\n  match /databases/{database}/documents {\n    match /companies/{companyId} {\n      allow read: if isSignedIn() && userBelongsToCompany();\n      allow update, delete: if companyAdmin()\n    }\n\n    match /teams/{teamId} {\n      allow read: if isSignedIn() && adminOrEmployee();\n      allow create: if userAndAdmin();\n      allow update, delete: if companyAdmin()\n    }\n\n    match /employees/{employeeId} {\n      allow read: if isSignedIn() && userBelongsToCompany();\n      allow create: if userAndAdmin();\n      allow update, delete: if companyAdmin()\n    }\n\n    match /users/{userId} {\n      allow read: if isSignedIn();\n      allow create: if userAndAdmin();\n      allow update, delete: if userAndAdmin()\n    }\n  }\n\n  function isSignedIn() {\n    return (request.auth.uid != null)\n  }\n\n  function userIsAdmin() {\n    return request.auth.token.role == 'admin'\n  }\n\n  function userBelongsToCompany() {\n    return request.auth.token.companyId == resource.data.companyId\n  }\n\n  function userAndAdmin() {\n    return isSignedIn() && userIsAdmin()\n  }\n\n  function companyAdmin() {\n    return userAndAdmin() && userBelongsToCompany()\n  }\n\n  function adminOrEmployee() {\n    return userBelongsToCompany() && (userIsAdmin() || resource.data.id == request.auth.uid)\n  }\n\n  function adminOrOwner() {\n    return userBelongsToCompany() && (userIsAdmin() || resource.data.employeeId == request.auth.uid)\n  }\n\n  function notCreator() {\n    return resource.data.status != 'creator'\n  }\n}\n"}]}}
[debug] [2021-05-01T08:14:23.670Z] <<< HTTP RESPONSE 200 {"content-type":"application/json; charset=UTF-8","vary":"X-Origin, Referer, Origin,Accept-Encoding","date":"Sat, 01 May 2021 08:14:23 GMT","server":"ESF","cache-control":"private","x-xss-protection":"0","x-frame-options":"SAMEORIGIN","x-content-type-options":"nosniff","alt-svc":"h3-29=\":443\"; ma=2592000,h3-T051=\":443\"; ma=2592000,h3-Q050=\":443\"; ma=2592000,h3-Q046=\":443\"; ma=2592000,h3-Q043=\":443\"; ma=2592000,quic=\":443\"; ma=2592000; v=\"46,43\"","accept-ranges":"none","transfer-encoding":"chunked"}
[warn] ⚠  [W] undefined:undefined - Ruleset uses old version (version [1]). Please update to the latest version (version [2]). 
[warn] ⚠  [W] 51:12 - Unused function: adminOrOwner. 
[warn] ⚠  [W] 52:56 - Invalid variable name: resource. 
[warn] ⚠  [W] 52:84 - Invalid variable name: request. 
[warn] ⚠  [W] 55:12 - Unused function: notCreator. 
[warn] ⚠  [W] 56:12 - Invalid variable name: resource. 
[info] ✔  cloud.firestore: rules file firestore.rules compiled successfully 
[info] i  functions: ensuring required API cloudfunctions.googleapis.com is enabled... 
[info] i  functions: ensuring required API cloudbuild.googleapis.com is enabled... 
[debug] [2021-05-01T08:14:24.767Z] >>> HTTP REQUEST GET https://serviceusage.googleapis.com/v1/projects/the-angels-share/services/cloudfunctions.googleapis.com  
 
[debug] [2021-05-01T08:14:24.768Z] >>> HTTP REQUEST GET https://serviceusage.googleapis.com/v1/projects/the-angels-share/services/runtimeconfig.googleapis.com  
 
[debug] [2021-05-01T08:14:24.768Z] >>> HTTP REQUEST GET https://serviceusage.googleapis.com/v1/projects/the-angels-share/services/cloudbuild.googleapis.com  
 
[debug] [2021-05-01T08:14:26.062Z] <<< HTTP RESPONSE 200 {"content-type":"application/json; charset=UTF-8","vary":"X-Origin, Referer, Origin,Accept-Encoding","date":"Sat, 01 May 2021 08:14:26 GMT","server":"ESF","cache-control":"private","x-xss-protection":"0","x-frame-options":"SAMEORIGIN","x-content-type-options":"nosniff","alt-svc":"h3-29=\":443\"; ma=2592000,h3-T051=\":443\"; ma=2592000,h3-Q050=\":443\"; ma=2592000,h3-Q046=\":443\"; ma=2592000,h3-Q043=\":443\"; ma=2592000,quic=\":443\"; ma=2592000; v=\"46,43\"","accept-ranges":"none","transfer-encoding":"chunked"}
[debug] [2021-05-01T08:14:26.102Z] <<< HTTP RESPONSE 200 {"content-type":"application/json; charset=UTF-8","vary":"X-Origin, Referer, Origin,Accept-Encoding","date":"Sat, 01 May 2021 08:14:26 GMT","server":"ESF","cache-control":"private","x-xss-protection":"0","x-frame-options":"SAMEORIGIN","x-content-type-options":"nosniff","alt-svc":"h3-29=\":443\"; ma=2592000,h3-T051=\":443\"; ma=2592000,h3-Q050=\":443\"; ma=2592000,h3-Q046=\":443\"; ma=2592000,h3-Q043=\":443\"; ma=2592000,quic=\":443\"; ma=2592000; v=\"46,43\"","accept-ranges":"none","transfer-encoding":"chunked"}
[info] ✔  functions: required API cloudbuild.googleapis.com is enabled 
[debug] [2021-05-01T08:14:26.180Z] <<< HTTP RESPONSE 200 {"content-type":"application/json; charset=UTF-8","vary":"X-Origin, Referer, Origin,Accept-Encoding","date":"Sat, 01 May 2021 08:14:26 GMT","server":"ESF","cache-control":"private","x-xss-protection":"0","x-frame-options":"SAMEORIGIN","x-content-type-options":"nosniff","alt-svc":"h3-29=\":443\"; ma=2592000,h3-T051=\":443\"; ma=2592000,h3-Q050=\":443\"; ma=2592000,h3-Q046=\":443\"; ma=2592000,h3-Q043=\":443\"; ma=2592000,quic=\":443\"; ma=2592000; v=\"46,43\"","accept-ranges":"none","transfer-encoding":"chunked"}
[info] ✔  functions: required API cloudfunctions.googleapis.com is enabled 
[debug] [2021-05-01T08:14:26.181Z] >>> HTTP REQUEST GET https://firebase.googleapis.com/v1beta1/projects/the-angels-share/adminSdkConfig  
 
[debug] [2021-05-01T08:14:27.083Z] <<< HTTP RESPONSE 200 {"content-type":"application/json; charset=UTF-8","vary":"X-Origin, Referer, Origin,Accept-Encoding","date":"Sat, 01 May 2021 08:14:26 GMT","server":"ESF","cache-control":"private","x-xss-protection":"0","x-frame-options":"SAMEORIGIN","x-content-type-options":"nosniff","alt-svc":"h3-29=\":443\"; ma=2592000,h3-T051=\":443\"; ma=2592000,h3-Q050=\":443\"; ma=2592000,h3-Q046=\":443\"; ma=2592000,h3-Q043=\":443\"; ma=2592000,quic=\":443\"; ma=2592000; v=\"46,43\"","accept-ranges":"none","transfer-encoding":"chunked"}
[info] i  functions: preparing functions directory for uploading... 
[debug] [2021-05-01T08:14:27.085Z] >>> HTTP REQUEST GET https://runtimeconfig.googleapis.com/v1beta1/projects/the-angels-share/configs  
 
[debug] [2021-05-01T08:14:27.739Z] <<< HTTP RESPONSE 200 {"content-type":"application/json; charset=UTF-8","vary":"X-Origin, Referer, Origin,Accept-Encoding","date":"Sat, 01 May 2021 08:14:27 GMT","server":"ESF","cache-control":"private","x-xss-protection":"0","x-frame-options":"SAMEORIGIN","x-content-type-options":"nosniff","alt-svc":"h3-29=\":443\"; ma=2592000,h3-T051=\":443\"; ma=2592000,h3-Q050=\":443\"; ma=2592000,h3-Q046=\":443\"; ma=2592000,h3-Q043=\":443\"; ma=2592000,quic=\":443\"; ma=2592000; v=\"46,43\"","accept-ranges":"none","transfer-encoding":"chunked"}
[info] i  functions: packaged functions (37.5 KB) for uploading 
[debug] [2021-05-01T08:14:28.235Z] > [functions] package.json contents: {
  "name": "functions",
  "description": "Cloud Functions for Firebase",
  "scripts": {
    "lint": "eslint .",
    "serve": "firebase serve --only functions",
    "shell": "firebase functions:shell",
    "start": "npm run shell",
    "deploy": "firebase deploy --only functions",
    "logs": "firebase functions:log"
  },
  "engines": {
    "node": "10"
  },
  "dependencies": {
    "firebase-admin": "^9.2.0",
    "firebase-functions": "^3.11.0"
  },
  "devDependencies": {
    "eslint": "^7.11.0",
    "eslint-plugin-promise": "^4.2.1",
    "firebase-functions-test": "^0.2.2"
  },
  "private": true
}
[debug] [2021-05-01T08:14:28.235Z] >>> HTTP REQUEST GET https://cloudfunctions.googleapis.com/v1/projects/the-angels-share/locations/-/functions  
 
[debug] [2021-05-01T08:14:29.251Z] <<< HTTP RESPONSE 200 {"content-type":"application/json; charset=UTF-8","vary":"X-Origin, Referer, Origin,Accept-Encoding","date":"Sat, 01 May 2021 08:14:29 GMT","server":"ESF","cache-control":"private","x-xss-protection":"0","x-frame-options":"SAMEORIGIN","x-content-type-options":"nosniff","alt-svc":"h3-29=\":443\"; ma=2592000,h3-T051=\":443\"; ma=2592000,h3-Q050=\":443\"; ma=2592000,h3-Q046=\":443\"; ma=2592000,h3-Q043=\":443\"; ma=2592000,quic=\":443\"; ma=2592000; v=\"46,43\"","accept-ranges":"none","transfer-encoding":"chunked"}
[debug] [2021-05-01T08:14:29.254Z] >>> HTTP REQUEST POST https://firebasehosting.googleapis.com/v1beta1/sites/the-angels-share/versions  
 {"config":{"rewrites":[{"glob":"**","path":"/index.html"}]},"labels":{"deployment-tool":"cli-firebase"}}
[debug] [2021-05-01T08:14:30.837Z] <<< HTTP RESPONSE 200 {"content-type":"application/json; charset=UTF-8","vary":"X-Origin, Referer, Origin,Accept-Encoding","date":"Sat, 01 May 2021 08:14:30 GMT","server":"ESF","cache-control":"private","x-xss-protection":"0","x-frame-options":"SAMEORIGIN","x-content-type-options":"nosniff","alt-svc":"h3-29=\":443\"; ma=2592000,h3-T051=\":443\"; ma=2592000,h3-Q050=\":443\"; ma=2592000,h3-Q046=\":443\"; ma=2592000,h3-Q043=\":443\"; ma=2592000,quic=\":443\"; ma=2592000; v=\"46,43\"","accept-ranges":"none","transfer-encoding":"chunked"}
[debug] [2021-05-01T08:14:30.839Z] >>> HTTP REQUEST GET https://firebaserules.googleapis.com/v1/projects/the-angels-share/releases?pageSize=10&pageToken=  
 
[debug] [2021-05-01T08:14:32.262Z] <<< HTTP RESPONSE 200 {"content-type":"application/json; charset=UTF-8","vary":"X-Origin, Referer, Origin,Accept-Encoding","date":"Sat, 01 May 2021 08:14:32 GMT","server":"ESF","cache-control":"private","x-xss-protection":"0","x-frame-options":"SAMEORIGIN","x-content-type-options":"nosniff","alt-svc":"h3-29=\":443\"; ma=2592000,h3-T051=\":443\"; ma=2592000,h3-Q050=\":443\"; ma=2592000,h3-Q046=\":443\"; ma=2592000,h3-Q043=\":443\"; ma=2592000,quic=\":443\"; ma=2592000; v=\"46,43\"","accept-ranges":"none","transfer-encoding":"chunked"}
[debug] [2021-05-01T08:14:32.264Z] >>> HTTP REQUEST GET https://firebaserules.googleapis.com/v1/projects/the-angels-share/rulesets/83f006c2-7ba9-4c7e-8fbb-37ffc208506f  
 
[debug] [2021-05-01T08:14:33.657Z] <<< HTTP RESPONSE 200 {"content-type":"application/json; charset=UTF-8","vary":"X-Origin, Referer, Origin,Accept-Encoding","date":"Sat, 01 May 2021 08:14:33 GMT","server":"ESF","cache-control":"private","x-xss-protection":"0","x-frame-options":"SAMEORIGIN","x-content-type-options":"nosniff","alt-svc":"h3-29=\":443\"; ma=2592000,h3-T051=\":443\"; ma=2592000,h3-Q050=\":443\"; ma=2592000,h3-Q046=\":443\"; ma=2592000,h3-Q043=\":443\"; ma=2592000,quic=\":443\"; ma=2592000; v=\"46,43\"","accept-ranges":"none","transfer-encoding":"chunked"}
[info] i  storage: latest version of storage.rules already up to date, skipping upload... 
[debug] [2021-05-01T08:14:33.660Z] >>> HTTP REQUEST GET https://firebaserules.googleapis.com/v1/projects/the-angels-share/releases?pageSize=10&pageToken=  
 
[debug] [2021-05-01T08:14:33.661Z] >>> HTTP REQUEST GET https://firestore.googleapis.com/v1/projects/the-angels-share/databases/(default)/collectionGroups/-/indexes  
 
[debug] [2021-05-01T08:14:34.897Z] <<< HTTP RESPONSE 200 {"content-type":"application/json; charset=UTF-8","vary":"X-Origin, Referer, Origin,Accept-Encoding","date":"Sat, 01 May 2021 08:14:34 GMT","server":"ESF","cache-control":"private","x-xss-protection":"0","x-frame-options":"SAMEORIGIN","x-content-type-options":"nosniff","alt-svc":"h3-29=\":443\"; ma=2592000,h3-T051=\":443\"; ma=2592000,h3-Q050=\":443\"; ma=2592000,h3-Q046=\":443\"; ma=2592000,h3-Q043=\":443\"; ma=2592000,quic=\":443\"; ma=2592000; v=\"46,43\"","accept-ranges":"none","transfer-encoding":"chunked"}
[debug] [2021-05-01T08:14:34.898Z] >>> HTTP REQUEST GET https://firebaserules.googleapis.com/v1/projects/the-angels-share/rulesets/5f8d421d-23b1-4add-945d-41d512e6e881  
 
[debug] [2021-05-01T08:14:36.185Z] <<< HTTP RESPONSE 200 {"content-type":"application/json; charset=UTF-8","vary":"X-Origin, Referer, Origin,Accept-Encoding","date":"Sat, 01 May 2021 08:14:36 GMT","server":"ESF","cache-control":"private","x-xss-protection":"0","x-frame-options":"SAMEORIGIN","x-content-type-options":"nosniff","alt-svc":"h3-29=\":443\"; ma=2592000,h3-T051=\":443\"; ma=2592000,h3-Q050=\":443\"; ma=2592000,h3-Q046=\":443\"; ma=2592000,h3-Q043=\":443\"; ma=2592000,quic=\":443\"; ma=2592000; v=\"46,43\"","accept-ranges":"none","transfer-encoding":"chunked"}
[info] i  firestore: latest version of firestore.rules already up to date, skipping upload... 
[debug] [2021-05-01T08:14:36.916Z] <<< HTTP RESPONSE 200 {"content-type":"application/json; charset=UTF-8","vary":"X-Origin, Referer, Origin,Accept-Encoding","date":"Sat, 01 May 2021 08:14:36 GMT","server":"ESF","cache-control":"private","x-xss-protection":"0","x-frame-options":"SAMEORIGIN","x-content-type-options":"nosniff","alt-svc":"h3-29=\":443\"; ma=2592000,h3-T051=\":443\"; ma=2592000,h3-Q050=\":443\"; ma=2592000,h3-Q046=\":443\"; ma=2592000,h3-Q043=\":443\"; ma=2592000,quic=\":443\"; ma=2592000; v=\"46,43\"","accept-ranges":"none","transfer-encoding":"chunked"}
[debug] [2021-05-01T08:14:36.917Z] >>> HTTP REQUEST GET https://firestore.googleapis.com/v1/projects/the-angels-share/databases/(default)/collectionGroups/-/fields?filter=indexConfig.usesAncestorConfig=false  
 
[debug] [2021-05-01T08:14:38.350Z] <<< HTTP RESPONSE 200 {"content-type":"application/json; charset=UTF-8","vary":"X-Origin, Referer, Origin,Accept-Encoding","date":"Sat, 01 May 2021 08:14:38 GMT","server":"ESF","cache-control":"private","x-xss-protection":"0","x-frame-options":"SAMEORIGIN","x-content-type-options":"nosniff","alt-svc":"h3-29=\":443\"; ma=2592000,h3-T051=\":443\"; ma=2592000,h3-Q050=\":443\"; ma=2592000,h3-Q046=\":443\"; ma=2592000,h3-Q043=\":443\"; ma=2592000,quic=\":443\"; ma=2592000; v=\"46,43\"","accept-ranges":"none","transfer-encoding":"chunked"}
[debug] [2021-05-01T08:14:38.352Z] Skipping existing index: {"collectionGroup":"teams","queryScope":"COLLECTION","fields":[{"fieldPath":"companyId","order":"ASCENDING"},{"fieldPath":"name","order":"ASCENDING"}]}
[debug] [2021-05-01T08:14:38.354Z] Skipping existing index: {"collectionGroup":"employees","queryScope":"COLLECTION","fields":[{"fieldPath":"companyId","order":"ASCENDING"},{"fieldPath":"name","order":"ASCENDING"}]}
[debug] [2021-05-01T08:14:38.354Z] Skipping existing index: {"collectionGroup":"employees","queryScope":"COLLECTION","fields":[{"fieldPath":"active","order":"ASCENDING"},{"fieldPath":"name","order":"ASCENDING"}]}
[debug] [2021-05-01T08:14:38.354Z] Skipping existing index: {"collectionGroup":"employees","queryScope":"COLLECTION","fields":[{"fieldPath":"teamId","order":"ASCENDING"},{"fieldPath":"name","order":"ASCENDING"}]}
[info] ✔  firestore: deployed indexes in firestore.indexes.json successfully 
[debug] [2021-05-01T08:14:38.355Z] >>> HTTP REQUEST POST https://cloudfunctions.googleapis.com/v1/projects/the-angels-share/locations/us-central1/functions:generateUploadUrl  
 
[debug] [2021-05-01T08:14:39.222Z] <<< HTTP RESPONSE 200 {"content-type":"application/json; charset=UTF-8","vary":"X-Origin, Referer, Origin,Accept-Encoding","date":"Sat, 01 May 2021 08:14:39 GMT","server":"ESF","cache-control":"private","x-xss-protection":"0","x-frame-options":"SAMEORIGIN","x-content-type-options":"nosniff","alt-svc":"h3-29=\":443\"; ma=2592000,h3-T051=\":443\"; ma=2592000,h3-Q050=\":443\"; ma=2592000,h3-Q046=\":443\"; ma=2592000,h3-Q043=\":443\"; ma=2592000,quic=\":443\"; ma=2592000; v=\"46,43\"","accept-ranges":"none","transfer-encoding":"chunked"}
[debug] [2021-05-01T08:14:39.223Z] >>> HTTP REQUEST PUT https://storage.googleapis.com/gcf-upload-us-central1-0789de8f-7940-4c35-94c1-bfe55a0d4da0/96072775-152e-40ee-a656-5371214f9f58.zip?GoogleAccessId=service-123069590327@gcf-admin-robot.iam.gserviceaccount.com&Expires=1619858679&Signature=EU3Nns1iOA9EEUJ18hmACJa%2F%2FCouimXI2lstSE3gHJE9NIqA4Xswg4aHfwnfJNRgfu1QxebmzslIAeaR44C3yPmmETB30OMVky6yxEtJkxn%2FLVJeb9HH%2FxFU1OWq1%2FVX0SR3OM00rghnwGtpGEZTZY1qLTkm66FkP9VpyKu018LfSvCqgMO3EK9Y8vYigJrDoDw1dOO6%2FaQ%2BckM8DWdS%2FyOBo4iav%2F1hiaowrE6KmvLrqLJVyU3TkogVjJsburqKnzbaQXvgIRtKgAUu8iGbupS2jmasce7Sow%2FrGhtdprev6Sx6R4b4bltuWP%2FMsnQxRhluMMyPXNG0iBrXAcSSxg%3D%3D  
 <request body omitted>
[debug] [2021-05-01T08:14:39.936Z] <<< HTTP RESPONSE 200 {"x-guploader-uploadid":"ABg5-UzX8ou6oFXR6kVDMbwne90QWdsuG-AYHic8EbLJ7M50yMRkfPjz5H-RrXrmyeQrp9rArj80NHd2IsqApdtK8vw","etag":"\"f1832f3b97c46d7e8d051060ac2202e1\"","x-goog-generation":"1619856879892642","x-goog-metageneration":"1","x-goog-hash":"crc32c=MQsrgA==, md5=8YMvO5fEbX6NBRBgrCIC4Q==","x-goog-stored-content-length":"38396","x-goog-stored-content-encoding":"identity","vary":"Origin","content-length":"0","date":"Sat, 01 May 2021 08:14:39 GMT","server":"UploadServer","content-type":"text/html; charset=UTF-8","alt-svc":"h3-29=\":443\"; ma=2592000,h3-T051=\":443\"; ma=2592000,h3-Q050=\":443\"; ma=2592000,h3-Q046=\":443\"; ma=2592000,h3-Q043=\":443\"; ma=2592000,quic=\":443\"; ma=2592000; v=\"46,43\""}
[info] ✔  functions: functions folder uploaded successfully 
[info] i  hosting[the-angels-share]: beginning deploy... 
[info] i  hosting[the-angels-share]: found 21 files in public 
[debug] [2021-05-01T08:14:40.299Z] > refreshing access token with scopes: []
[debug] [2021-05-01T08:14:40.299Z] >>> HTTP REQUEST POST https://www.googleapis.com/oauth2/v3/token  
 <request body omitted>
[debug] [2021-05-01T08:14:40.300Z] [hosting] hash cache [cHVibGlj] stored for 21 files
[debug] [2021-05-01T08:14:40.300Z] [hosting][hash queue][FINAL] {"max":346,"min":0,"avg":20.666666666666668,"active":0,"complete":21,"success":21,"errored":0,"retried":0,"total":21,"elapsed":349}
[debug] [2021-05-01T08:14:40.652Z] <<< HTTP RESPONSE 200 {"date":"Sat, 01 May 2021 08:14:40 GMT","cache-control":"no-cache, no-store, max-age=0, must-revalidate","pragma":"no-cache","expires":"Mon, 01 Jan 1990 00:00:00 GMT","content-type":"application/json; charset=utf-8","vary":"X-Origin, Referer, Origin,Accept-Encoding","server":"scaffolding on HTTPServer2","x-xss-protection":"0","x-frame-options":"SAMEORIGIN","x-content-type-options":"nosniff","alt-svc":"h3-29=\":443\"; ma=2592000,h3-T051=\":443\"; ma=2592000,h3-Q050=\":443\"; ma=2592000,h3-Q046=\":443\"; ma=2592000,h3-Q043=\":443\"; ma=2592000,quic=\":443\"; ma=2592000; v=\"46,43\"","accept-ranges":"none","transfer-encoding":"chunked"}
[debug] [2021-05-01T08:14:40.709Z] >>> [apiv2][query] POST https://firebasehosting.googleapis.com/v1beta1/sites/the-angels-share/versions/6559ba5609ef6118:populateFiles [none]
[debug] [2021-05-01T08:14:40.709Z] >>> [apiv2][body] POST https://firebasehosting.googleapis.com/v1beta1/sites/the-angels-share/versions/6559ba5609ef6118:populateFiles {"files":{"/404.html":"621558d66de7d19ddb01110fccc1745419e023197e91a8b12f72f46a2529e6e0","/favicon.png":"afb8a0d6f40ee5294d6fbe18fe7323bcfd74dedcb456f5603bbcebf4dfb9afe2","/favicon.svg":"f9403358d0f0a5f7053b7e26306b8ab12522c537608312a84b655111b0a3d20c","/index.html":"98e6702ec089fa134a4096a96f0034b46283dd879dee69a282a2769494ffb026","/images/almond.jpg":"5d31fb3c12944450b8854b85061881c634b83fd17e93c42b913edef1df555ad3","/images/ebro_river.jpg":"07843ad0cec8bce175e454a1e4a575529bbdbd06932b5cfc26480e38eb5abd4e","/images/firebase-logo.png":"21b51ea6ef916d02faa4b82a387f4f94787ecd29f43a6f6f5afb643d825b6ac3","/images/materialize.svg":"ddb3b962d537035bd8dfff241a323d4f2affdba9b8a2866b2b8ff18e32fbdf70","/images/svelte-logo.svg":"97cd4be6298760505f1e7d2282cb927a97ed7e431b357b3d451abbe832289f3a","/images/svelte-router-logo.png":"f4b26ad7338ead777332ac094e06db1dae7fdf3862e71616d2e23ac3fcd7258b","/images/validate-js-logo.png":"323228e13c0bc2773d28868a525c9e8a1d33c91025bccced7f6a098da869d6fa","/images/waterfall.jpg":"9e07482668afef5790dd3c15052e74cb4de8861195799e52675abab13e6d9f12","/public/favicon.svg":"1f9fdb5d8d77aac2a120af407ccecfa57ee94247a7b535c02882753e098c9338","/public/rkstuplje8s1ykbfpevk.webp":"4c2a22f8015453b6d7897979a32533d42c83b5cd7e125322360a08a4d8ea483f","/public/bundle.css":"93f83c0d77343f3eae898696bdad8276067813dd2c33e0cb3c4181314bd7efbe","/public/bundle.css.map":"2c0c763d3935ceb14d70c3785004add10818fbe2e0d1b56e3ebb28379c9decbb","/global.css":"56f56be963e8a6cbc6a7722eb1f4a7f0449b2d6caacf487c56287c5e4daf959b","/stylesheets/custom.css":"385ccf926019bddc34d84a78342b3f82dd7df5b64e26d6b78c6f019a3dd376f0","/plugins.css":"6c9efa8a79b360e5d6c69a763acb3ab810984a8b67eaa9cad4dc5cb6c6fcf053","/bundle.js":"584f4257e05af35df3e78afdf0870b5017d728e22d87a9fb4b4566704a48e498","/bundle.js.map":"eed6df370da1fc7eb91820d6d0173b34368006dd81e816c272997f55e3629959"}}
[debug] [2021-05-01T08:14:41.901Z] <<< [apiv2][status] POST https://firebasehosting.googleapis.com/v1beta1/sites/the-angels-share/versions/6559ba5609ef6118:populateFiles 200
[debug] [2021-05-01T08:14:41.902Z] <<< [apiv2][body] POST https://firebasehosting.googleapis.com/v1beta1/sites/the-angels-share/versions/6559ba5609ef6118:populateFiles {"uploadRequiredHashes":["56f56be963e8a6cbc6a7722eb1f4a7f0449b2d6caacf487c56287c5e4daf959b","584f4257e05af35df3e78afdf0870b5017d728e22d87a9fb4b4566704a48e498","93f83c0d77343f3eae898696bdad8276067813dd2c33e0cb3c4181314bd7efbe","6c9efa8a79b360e5d6c69a763acb3ab810984a8b67eaa9cad4dc5cb6c6fcf053","eed6df370da1fc7eb91820d6d0173b34368006dd81e816c272997f55e3629959","2c0c763d3935ceb14d70c3785004add10818fbe2e0d1b56e3ebb28379c9decbb","385ccf926019bddc34d84a78342b3f82dd7df5b64e26d6b78c6f019a3dd376f0"],"uploadUrl":"https://upload-firebasehosting.googleapis.com/upload/sites/the-angels-share/versions/6559ba5609ef6118/files"}
[debug] [2021-05-01T08:14:41.904Z] >>> [apiv2][query] POST https://upload-firebasehosting.googleapis.com/upload/sites/the-angels-share/versions/6559ba5609ef6118/files/56f56be963e8a6cbc6a7722eb1f4a7f0449b2d6caacf487c56287c5e4daf959b [none]
[debug] [2021-05-01T08:14:41.905Z] >>> [apiv2][body] POST https://upload-firebasehosting.googleapis.com/upload/sites/the-angels-share/versions/6559ba5609ef6118/files/56f56be963e8a6cbc6a7722eb1f4a7f0449b2d6caacf487c56287c5e4daf959b [stream]
[debug] [2021-05-01T08:14:41.906Z] >>> [apiv2][query] POST https://upload-firebasehosting.googleapis.com/upload/sites/the-angels-share/versions/6559ba5609ef6118/files/584f4257e05af35df3e78afdf0870b5017d728e22d87a9fb4b4566704a48e498 [none]
[debug] [2021-05-01T08:14:41.906Z] >>> [apiv2][body] POST https://upload-firebasehosting.googleapis.com/upload/sites/the-angels-share/versions/6559ba5609ef6118/files/584f4257e05af35df3e78afdf0870b5017d728e22d87a9fb4b4566704a48e498 [stream]
[debug] [2021-05-01T08:14:41.907Z] >>> [apiv2][query] POST https://upload-firebasehosting.googleapis.com/upload/sites/the-angels-share/versions/6559ba5609ef6118/files/93f83c0d77343f3eae898696bdad8276067813dd2c33e0cb3c4181314bd7efbe [none]
[debug] [2021-05-01T08:14:41.907Z] >>> [apiv2][body] POST https://upload-firebasehosting.googleapis.com/upload/sites/the-angels-share/versions/6559ba5609ef6118/files/93f83c0d77343f3eae898696bdad8276067813dd2c33e0cb3c4181314bd7efbe [stream]
[debug] [2021-05-01T08:14:41.909Z] >>> [apiv2][query] POST https://upload-firebasehosting.googleapis.com/upload/sites/the-angels-share/versions/6559ba5609ef6118/files/6c9efa8a79b360e5d6c69a763acb3ab810984a8b67eaa9cad4dc5cb6c6fcf053 [none]
[debug] [2021-05-01T08:14:41.909Z] >>> [apiv2][body] POST https://upload-firebasehosting.googleapis.com/upload/sites/the-angels-share/versions/6559ba5609ef6118/files/6c9efa8a79b360e5d6c69a763acb3ab810984a8b67eaa9cad4dc5cb6c6fcf053 [stream]
[debug] [2021-05-01T08:14:41.910Z] >>> [apiv2][query] POST https://upload-firebasehosting.googleapis.com/upload/sites/the-angels-share/versions/6559ba5609ef6118/files/eed6df370da1fc7eb91820d6d0173b34368006dd81e816c272997f55e3629959 [none]
[debug] [2021-05-01T08:14:41.911Z] >>> [apiv2][body] POST https://upload-firebasehosting.googleapis.com/upload/sites/the-angels-share/versions/6559ba5609ef6118/files/eed6df370da1fc7eb91820d6d0173b34368006dd81e816c272997f55e3629959 [stream]
[debug] [2021-05-01T08:14:41.912Z] >>> [apiv2][query] POST https://upload-firebasehosting.googleapis.com/upload/sites/the-angels-share/versions/6559ba5609ef6118/files/2c0c763d3935ceb14d70c3785004add10818fbe2e0d1b56e3ebb28379c9decbb [none]
[debug] [2021-05-01T08:14:41.912Z] >>> [apiv2][body] POST https://upload-firebasehosting.googleapis.com/upload/sites/the-angels-share/versions/6559ba5609ef6118/files/2c0c763d3935ceb14d70c3785004add10818fbe2e0d1b56e3ebb28379c9decbb [stream]
[debug] [2021-05-01T08:14:41.913Z] >>> [apiv2][query] POST https://upload-firebasehosting.googleapis.com/upload/sites/the-angels-share/versions/6559ba5609ef6118/files/385ccf926019bddc34d84a78342b3f82dd7df5b64e26d6b78c6f019a3dd376f0 [none]
[debug] [2021-05-01T08:14:41.913Z] >>> [apiv2][body] POST https://upload-firebasehosting.googleapis.com/upload/sites/the-angels-share/versions/6559ba5609ef6118/files/385ccf926019bddc34d84a78342b3f82dd7df5b64e26d6b78c6f019a3dd376f0 [stream]
[debug] [2021-05-01T08:14:41.914Z] [hosting][populate queue][FINAL] {"max":1606,"min":1606,"avg":1606,"active":0,"complete":1,"success":1,"errored":0,"retried":0,"total":1,"elapsed":1616}
[debug] [2021-05-01T08:14:41.914Z] [hosting] uploads queued: 7
[debug] [2021-05-01T08:14:43.606Z] <<< [apiv2][status] POST https://upload-firebasehosting.googleapis.com/upload/sites/the-angels-share/versions/6559ba5609ef6118/files/2c0c763d3935ceb14d70c3785004add10818fbe2e0d1b56e3ebb28379c9decbb 200
[debug] [2021-05-01T08:14:43.606Z] <<< [apiv2][body] POST https://upload-firebasehosting.googleapis.com/upload/sites/the-angels-share/versions/6559ba5609ef6118/files/2c0c763d3935ceb14d70c3785004add10818fbe2e0d1b56e3ebb28379c9decbb [stream]
[debug] [2021-05-01T08:14:44.113Z] <<< [apiv2][status] POST https://upload-firebasehosting.googleapis.com/upload/sites/the-angels-share/versions/6559ba5609ef6118/files/56f56be963e8a6cbc6a7722eb1f4a7f0449b2d6caacf487c56287c5e4daf959b 200
[debug] [2021-05-01T08:14:44.113Z] <<< [apiv2][body] POST https://upload-firebasehosting.googleapis.com/upload/sites/the-angels-share/versions/6559ba5609ef6118/files/56f56be963e8a6cbc6a7722eb1f4a7f0449b2d6caacf487c56287c5e4daf959b [stream]
[debug] [2021-05-01T08:14:44.562Z] <<< [apiv2][status] POST https://upload-firebasehosting.googleapis.com/upload/sites/the-angels-share/versions/6559ba5609ef6118/files/93f83c0d77343f3eae898696bdad8276067813dd2c33e0cb3c4181314bd7efbe 200
[debug] [2021-05-01T08:14:44.562Z] <<< [apiv2][body] POST https://upload-firebasehosting.googleapis.com/upload/sites/the-angels-share/versions/6559ba5609ef6118/files/93f83c0d77343f3eae898696bdad8276067813dd2c33e0cb3c4181314bd7efbe [stream]
[debug] [2021-05-01T08:14:44.701Z] <<< [apiv2][status] POST https://upload-firebasehosting.googleapis.com/upload/sites/the-angels-share/versions/6559ba5609ef6118/files/6c9efa8a79b360e5d6c69a763acb3ab810984a8b67eaa9cad4dc5cb6c6fcf053 200
[debug] [2021-05-01T08:14:44.701Z] <<< [apiv2][body] POST https://upload-firebasehosting.googleapis.com/upload/sites/the-angels-share/versions/6559ba5609ef6118/files/6c9efa8a79b360e5d6c69a763acb3ab810984a8b67eaa9cad4dc5cb6c6fcf053 [stream]
[debug] [2021-05-01T08:14:44.702Z] <<< [apiv2][status] POST https://upload-firebasehosting.googleapis.com/upload/sites/the-angels-share/versions/6559ba5609ef6118/files/385ccf926019bddc34d84a78342b3f82dd7df5b64e26d6b78c6f019a3dd376f0 200
[debug] [2021-05-01T08:14:44.703Z] <<< [apiv2][body] POST https://upload-firebasehosting.googleapis.com/upload/sites/the-angels-share/versions/6559ba5609ef6118/files/385ccf926019bddc34d84a78342b3f82dd7df5b64e26d6b78c6f019a3dd376f0 [stream]
[debug] [2021-05-01T08:14:45.109Z] <<< [apiv2][status] POST https://upload-firebasehosting.googleapis.com/upload/sites/the-angels-share/versions/6559ba5609ef6118/files/584f4257e05af35df3e78afdf0870b5017d728e22d87a9fb4b4566704a48e498 200
[debug] [2021-05-01T08:14:45.110Z] <<< [apiv2][body] POST https://upload-firebasehosting.googleapis.com/upload/sites/the-angels-share/versions/6559ba5609ef6118/files/584f4257e05af35df3e78afdf0870b5017d728e22d87a9fb4b4566704a48e498 [stream]
[debug] [2021-05-01T08:14:45.375Z] <<< [apiv2][status] POST https://upload-firebasehosting.googleapis.com/upload/sites/the-angels-share/versions/6559ba5609ef6118/files/eed6df370da1fc7eb91820d6d0173b34368006dd81e816c272997f55e3629959 200
[debug] [2021-05-01T08:14:45.376Z] <<< [apiv2][body] POST https://upload-firebasehosting.googleapis.com/upload/sites/the-angels-share/versions/6559ba5609ef6118/files/eed6df370da1fc7eb91820d6d0173b34368006dd81e816c272997f55e3629959 [stream]
[debug] [2021-05-01T08:14:45.376Z] [hosting][upload queue][FINAL] {"max":3472,"min":1702,"avg":2692.5714285714284,"active":0,"complete":7,"success":7,"errored":0,"retried":0,"total":7,"elapsed":3474}
[info] ✔  hosting[the-angels-share]: file upload complete 
[debug] [2021-05-01T08:14:45.377Z] [hosting] deploy completed after 5439ms
[debug] [2021-05-01T08:14:45.727Z] [rules] releasing firebase.storage/the-angels-share.appspot.com with ruleset projects/the-angels-share/rulesets/83f006c2-7ba9-4c7e-8fbb-37ffc208506f
[debug] [2021-05-01T08:14:45.728Z] > refreshing access token with scopes: ["email","https://www.googleapis.com/auth/cloud-platform","https://www.googleapis.com/auth/cloudplatformprojects.readonly","https://www.googleapis.com/auth/firebase","openid"]
[debug] [2021-05-01T08:14:45.728Z] >>> HTTP REQUEST POST https://www.googleapis.com/oauth2/v3/token  
 <request body omitted>
[debug] [2021-05-01T08:14:46.065Z] <<< HTTP RESPONSE 200 {"date":"Sat, 01 May 2021 08:14:46 GMT","pragma":"no-cache","cache-control":"no-cache, no-store, max-age=0, must-revalidate","expires":"Mon, 01 Jan 1990 00:00:00 GMT","content-type":"application/json; charset=utf-8","vary":"X-Origin, Referer, Origin,Accept-Encoding","server":"scaffolding on HTTPServer2","x-xss-protection":"0","x-frame-options":"SAMEORIGIN","x-content-type-options":"nosniff","alt-svc":"h3-29=\":443\"; ma=2592000,h3-T051=\":443\"; ma=2592000,h3-Q050=\":443\"; ma=2592000,h3-Q046=\":443\"; ma=2592000,h3-Q043=\":443\"; ma=2592000,quic=\":443\"; ma=2592000; v=\"46,43\"","accept-ranges":"none","transfer-encoding":"chunked"}
[debug] [2021-05-01T08:14:46.126Z] >>> HTTP REQUEST PATCH https://firebaserules.googleapis.com/v1/projects/the-angels-share/releases/firebase.storage/the-angels-share.appspot.com  
 {"release":{"name":"projects/the-angels-share/releases/firebase.storage/the-angels-share.appspot.com","rulesetName":"projects/the-angels-share/rulesets/83f006c2-7ba9-4c7e-8fbb-37ffc208506f"}}
[debug] [2021-05-01T08:14:47.423Z] <<< HTTP RESPONSE 200 {"content-type":"application/json; charset=UTF-8","vary":"X-Origin, Referer, Origin,Accept-Encoding","date":"Sat, 01 May 2021 08:14:47 GMT","server":"ESF","cache-control":"private","x-xss-protection":"0","x-frame-options":"SAMEORIGIN","x-content-type-options":"nosniff","alt-svc":"h3-29=\":443\"; ma=2592000,h3-T051=\":443\"; ma=2592000,h3-Q050=\":443\"; ma=2592000,h3-Q046=\":443\"; ma=2592000,h3-Q043=\":443\"; ma=2592000,quic=\":443\"; ma=2592000; v=\"46,43\"","accept-ranges":"none","transfer-encoding":"chunked"}
[debug] [2021-05-01T08:14:47.424Z] [rules] updated release projects/the-angels-share/releases/firebase.storage/the-angels-share.appspot.com
[info] ✔  storage: released rules storage.rules to firebase.storage 
[debug] [2021-05-01T08:14:47.425Z] [rules] releasing cloud.firestore with ruleset projects/the-angels-share/rulesets/5f8d421d-23b1-4add-945d-41d512e6e881
[debug] [2021-05-01T08:14:47.426Z] >>> HTTP REQUEST PATCH https://firebaserules.googleapis.com/v1/projects/the-angels-share/releases/cloud.firestore  
 {"release":{"name":"projects/the-angels-share/releases/cloud.firestore","rulesetName":"projects/the-angels-share/rulesets/5f8d421d-23b1-4add-945d-41d512e6e881"}}
[debug] [2021-05-01T08:14:48.745Z] <<< HTTP RESPONSE 200 {"content-type":"application/json; charset=UTF-8","vary":"X-Origin, Referer, Origin,Accept-Encoding","date":"Sat, 01 May 2021 08:14:48 GMT","server":"ESF","cache-control":"private","x-xss-protection":"0","x-frame-options":"SAMEORIGIN","x-content-type-options":"nosniff","alt-svc":"h3-29=\":443\"; ma=2592000,h3-T051=\":443\"; ma=2592000,h3-Q050=\":443\"; ma=2592000,h3-Q046=\":443\"; ma=2592000,h3-Q043=\":443\"; ma=2592000,quic=\":443\"; ma=2592000; v=\"46,43\"","accept-ranges":"none","transfer-encoding":"chunked"}
[debug] [2021-05-01T08:14:48.746Z] [rules] updated release projects/the-angels-share/releases/cloud.firestore
[info] ✔  firestore: released rules firestore.rules to cloud.firestore 
[info] i  functions: updating Node.js 10 function createUser(europe-west1)... 
[debug] [2021-05-01T08:14:48.751Z] >>> HTTP REQUEST PATCH https://cloudfunctions.googleapis.com/v1/projects/the-angels-share/locations/europe-west1/functions/createUser {"updateMask":"sourceUploadUrl,name,labels,runtime,environmentVariables,httpsTrigger"} 
 {"sourceUploadUrl":"https://storage.googleapis.com/gcf-upload-us-central1-0789de8f-7940-4c35-94c1-bfe55a0d4da0/96072775-152e-40ee-a656-5371214f9f58.zip?GoogleAccessId=service-123069590327@gcf-admin-robot.iam.gserviceaccount.com&Expires=1619858679&Signature=EU3Nns1iOA9EEUJ18hmACJa%2F%2FCouimXI2lstSE3gHJE9NIqA4Xswg4aHfwnfJNRgfu1QxebmzslIAeaR44C3yPmmETB30OMVky6yxEtJkxn%2FLVJeb9HH%2FxFU1OWq1%2FVX0SR3OM00rghnwGtpGEZTZY1qLTkm66FkP9VpyKu018LfSvCqgMO3EK9Y8vYigJrDoDw1dOO6%2FaQ%2BckM8DWdS%2FyOBo4iav%2F1hiaowrE6KmvLrqLJVyU3TkogVjJsburqKnzbaQXvgIRtKgAUu8iGbupS2jmasce7Sow%2FrGhtdprev6Sx6R4b4bltuWP%2FMsnQxRhluMMyPXNG0iBrXAcSSxg%3D%3D","name":"projects/the-angels-share/locations/europe-west1/functions/createUser","labels":{"deployment-tool":"cli-firebase","deployment-callable":"true"},"httpsTrigger":{},"runtime":"nodejs10","environmentVariables":{"FIREBASE_CONFIG":"{\"projectId\":\"the-angels-share\",\"storageBucket\":\"the-angels-share.appspot.com\",\"locationId\":\"europe-west\"}"}}
[debug] [2021-05-01T08:14:50.007Z] <<< HTTP RESPONSE 200 {"content-type":"application/json; charset=UTF-8","vary":"X-Origin, Referer, Origin,Accept-Encoding","date":"Sat, 01 May 2021 08:14:49 GMT","server":"ESF","cache-control":"private","x-xss-protection":"0","x-frame-options":"SAMEORIGIN","x-content-type-options":"nosniff","alt-svc":"h3-29=\":443\"; ma=2592000,h3-T051=\":443\"; ma=2592000,h3-Q050=\":443\"; ma=2592000,h3-Q046=\":443\"; ma=2592000,h3-Q043=\":443\"; ma=2592000,quic=\":443\"; ma=2592000; v=\"46,43\"","accept-ranges":"none","transfer-encoding":"chunked"}
[debug] [2021-05-01T08:14:50.009Z] > refreshing access token with scopes: []
[debug] [2021-05-01T08:14:50.009Z] >>> HTTP REQUEST POST https://www.googleapis.com/oauth2/v3/token  
 <request body omitted>
[debug] [2021-05-01T08:14:50.385Z] <<< HTTP RESPONSE 200 {"cache-control":"no-cache, no-store, max-age=0, must-revalidate","expires":"Mon, 01 Jan 1990 00:00:00 GMT","pragma":"no-cache","date":"Sat, 01 May 2021 08:14:50 GMT","content-type":"application/json; charset=utf-8","vary":"X-Origin, Referer, Origin,Accept-Encoding","server":"scaffolding on HTTPServer2","x-xss-protection":"0","x-frame-options":"SAMEORIGIN","x-content-type-options":"nosniff","alt-svc":"h3-29=\":443\"; ma=2592000,h3-T051=\":443\"; ma=2592000,h3-Q050=\":443\"; ma=2592000,h3-Q046=\":443\"; ma=2592000,h3-Q043=\":443\"; ma=2592000,quic=\":443\"; ma=2592000; v=\"46,43\"","accept-ranges":"none","transfer-encoding":"chunked"}
[debug] [2021-05-01T08:14:50.446Z] >>> [apiv2][query] GET https://cloudfunctions.googleapis.com/v1/operations/dGhlLWFuZ2Vscy1zaGFyZS9ldXJvcGUtd2VzdDEvY3JlYXRlVXNlci9UQ2x0NTV1MlVDMA [none]
[debug] [2021-05-01T08:14:51.159Z] <<< [apiv2][status] GET https://cloudfunctions.googleapis.com/v1/operations/dGhlLWFuZ2Vscy1zaGFyZS9ldXJvcGUtd2VzdDEvY3JlYXRlVXNlci9UQ2x0NTV1MlVDMA 200
[debug] [2021-05-01T08:14:51.159Z] <<< [apiv2][body] GET https://cloudfunctions.googleapis.com/v1/operations/dGhlLWFuZ2Vscy1zaGFyZS9ldXJvcGUtd2VzdDEvY3JlYXRlVXNlci9UQ2x0NTV1MlVDMA {"name":"operations/dGhlLWFuZ2Vscy1zaGFyZS9ldXJvcGUtd2VzdDEvY3JlYXRlVXNlci9UQ2x0NTV1MlVDMA","metadata":{"@type":"type.googleapis.com/google.cloud.functions.v1.OperationMetadataV1","target":"projects/the-angels-share/locations/europe-west1/functions/createUser","type":"UPDATE_FUNCTION","request":{"@type":"type.googleapis.com/google.cloud.functions.v1.CloudFunction","name":"projects/the-angels-share/locations/europe-west1/functions/createUser","httpsTrigger":{},"status":"ACTIVE","entryPoint":"createUser","timeout":"60s","availableMemoryMb":256,"serviceAccountEmail":"the-angels-share@appspot.gserviceaccount.com","updateTime":"2021-05-01T04:25:42.528Z","versionId":"6","labels":{"deployment-tool":"cli-firebase","deployment-callable":"true"},"sourceUploadUrl":"https://storage.googleapis.com/gcf-upload-us-central1-0789de8f-7940-4c35-94c1-bfe55a0d4da0/96072775-152e-40ee-a656-5371214f9f58.zip?GoogleAccessId=service-123069590327@gcf-admin-robot.iam.gserviceaccount.com&Expires=1619858679&Signature=EU3Nns1iOA9EEUJ18hmACJa%2F%2FCouimXI2lstSE3gHJE9NIqA4Xswg4aHfwnfJNRgfu1QxebmzslIAeaR44C3yPmmETB30OMVky6yxEtJkxn%2FLVJeb9HH%2FxFU1OWq1%2FVX0SR3OM00rghnwGtpGEZTZY1qLTkm66FkP9VpyKu018LfSvCqgMO3EK9Y8vYigJrDoDw1dOO6%2FaQ%2BckM8DWdS%2FyOBo4iav%2F1hiaowrE6KmvLrqLJVyU3TkogVjJsburqKnzbaQXvgIRtKgAUu8iGbupS2jmasce7Sow%2FrGhtdprev6Sx6R4b4bltuWP%2FMsnQxRhluMMyPXNG0iBrXAcSSxg%3D%3D","environmentVariables":{"FIREBASE_CONFIG":"{\"projectId\":\"the-angels-share\",\"storageBucket\":\"the-angels-share.appspot.com\",\"locationId\":\"europe-west\"}"},"runtime":"nodejs10","ingressSettings":"ALLOW_ALL","buildId":"5d44b04b-322c-441f-9054-398d26dd7a5c"},"versionId":"7","updateTime":"2021-05-01T08:14:50Z"}}
[debug] [2021-05-01T08:14:51.661Z] [update-projects/the-angels-share/locations/europe-west1/functions/createUser] Retrying task index 0
[debug] [2021-05-01T08:14:51.661Z] >>> [apiv2][query] GET https://cloudfunctions.googleapis.com/v1/operations/dGhlLWFuZ2Vscy1zaGFyZS9ldXJvcGUtd2VzdDEvY3JlYXRlVXNlci9UQ2x0NTV1MlVDMA [none]
[debug] [2021-05-01T08:14:52.404Z] <<< [apiv2][status] GET https://cloudfunctions.googleapis.com/v1/operations/dGhlLWFuZ2Vscy1zaGFyZS9ldXJvcGUtd2VzdDEvY3JlYXRlVXNlci9UQ2x0NTV1MlVDMA 200
[debug] [2021-05-01T08:14:52.404Z] <<< [apiv2][body] GET https://cloudfunctions.googleapis.com/v1/operations/dGhlLWFuZ2Vscy1zaGFyZS9ldXJvcGUtd2VzdDEvY3JlYXRlVXNlci9UQ2x0NTV1MlVDMA {"name":"operations/dGhlLWFuZ2Vscy1zaGFyZS9ldXJvcGUtd2VzdDEvY3JlYXRlVXNlci9UQ2x0NTV1MlVDMA","metadata":{"@type":"type.googleapis.com/google.cloud.functions.v1.OperationMetadataV1","target":"projects/the-angels-share/locations/europe-west1/functions/createUser","type":"UPDATE_FUNCTION","request":{"@type":"type.googleapis.com/google.cloud.functions.v1.CloudFunction","name":"projects/the-angels-share/locations/europe-west1/functions/createUser","httpsTrigger":{},"status":"ACTIVE","entryPoint":"createUser","timeout":"60s","availableMemoryMb":256,"serviceAccountEmail":"the-angels-share@appspot.gserviceaccount.com","updateTime":"2021-05-01T04:25:42.528Z","versionId":"6","labels":{"deployment-tool":"cli-firebase","deployment-callable":"true"},"sourceUploadUrl":"https://storage.googleapis.com/gcf-upload-us-central1-0789de8f-7940-4c35-94c1-bfe55a0d4da0/96072775-152e-40ee-a656-5371214f9f58.zip?GoogleAccessId=service-123069590327@gcf-admin-robot.iam.gserviceaccount.com&Expires=1619858679&Signature=EU3Nns1iOA9EEUJ18hmACJa%2F%2FCouimXI2lstSE3gHJE9NIqA4Xswg4aHfwnfJNRgfu1QxebmzslIAeaR44C3yPmmETB30OMVky6yxEtJkxn%2FLVJeb9HH%2FxFU1OWq1%2FVX0SR3OM00rghnwGtpGEZTZY1qLTkm66FkP9VpyKu018LfSvCqgMO3EK9Y8vYigJrDoDw1dOO6%2FaQ%2BckM8DWdS%2FyOBo4iav%2F1hiaowrE6KmvLrqLJVyU3TkogVjJsburqKnzbaQXvgIRtKgAUu8iGbupS2jmasce7Sow%2FrGhtdprev6Sx6R4b4bltuWP%2FMsnQxRhluMMyPXNG0iBrXAcSSxg%3D%3D","environmentVariables":{"FIREBASE_CONFIG":"{\"projectId\":\"the-angels-share\",\"storageBucket\":\"the-angels-share.appspot.com\",\"locationId\":\"europe-west\"}"},"runtime":"nodejs10","ingressSettings":"ALLOW_ALL","buildId":"5d44b04b-322c-441f-9054-398d26dd7a5c"},"versionId":"7","updateTime":"2021-05-01T08:14:50Z","buildId":"e01db64c-f8d4-4994-aeec-00d0c6323477"}}
[debug] [2021-05-01T08:14:53.409Z] [update-projects/the-angels-share/locations/europe-west1/functions/createUser] Retrying task index 0
[debug] [2021-05-01T08:14:53.410Z] >>> [apiv2][query] GET https://cloudfunctions.googleapis.com/v1/operations/dGhlLWFuZ2Vscy1zaGFyZS9ldXJvcGUtd2VzdDEvY3JlYXRlVXNlci9UQ2x0NTV1MlVDMA [none]
[debug] [2021-05-01T08:14:54.164Z] <<< [apiv2][status] GET https://cloudfunctions.googleapis.com/v1/operations/dGhlLWFuZ2Vscy1zaGFyZS9ldXJvcGUtd2VzdDEvY3JlYXRlVXNlci9UQ2x0NTV1MlVDMA 200
[debug] [2021-05-01T08:14:54.164Z] <<< [apiv2][body] GET https://cloudfunctions.googleapis.com/v1/operations/dGhlLWFuZ2Vscy1zaGFyZS9ldXJvcGUtd2VzdDEvY3JlYXRlVXNlci9UQ2x0NTV1MlVDMA {"name":"operations/dGhlLWFuZ2Vscy1zaGFyZS9ldXJvcGUtd2VzdDEvY3JlYXRlVXNlci9UQ2x0NTV1MlVDMA","metadata":{"@type":"type.googleapis.com/google.cloud.functions.v1.OperationMetadataV1","target":"projects/the-angels-share/locations/europe-west1/functions/createUser","type":"UPDATE_FUNCTION","request":{"@type":"type.googleapis.com/google.cloud.functions.v1.CloudFunction","name":"projects/the-angels-share/locations/europe-west1/functions/createUser","httpsTrigger":{},"status":"ACTIVE","entryPoint":"createUser","timeout":"60s","availableMemoryMb":256,"serviceAccountEmail":"the-angels-share@appspot.gserviceaccount.com","updateTime":"2021-05-01T04:25:42.528Z","versionId":"6","labels":{"deployment-tool":"cli-firebase","deployment-callable":"true"},"sourceUploadUrl":"https://storage.googleapis.com/gcf-upload-us-central1-0789de8f-7940-4c35-94c1-bfe55a0d4da0/96072775-152e-40ee-a656-5371214f9f58.zip?GoogleAccessId=service-123069590327@gcf-admin-robot.iam.gserviceaccount.com&Expires=1619858679&Signature=EU3Nns1iOA9EEUJ18hmACJa%2F%2FCouimXI2lstSE3gHJE9NIqA4Xswg4aHfwnfJNRgfu1QxebmzslIAeaR44C3yPmmETB30OMVky6yxEtJkxn%2FLVJeb9HH%2FxFU1OWq1%2FVX0SR3OM00rghnwGtpGEZTZY1qLTkm66FkP9VpyKu018LfSvCqgMO3EK9Y8vYigJrDoDw1dOO6%2FaQ%2BckM8DWdS%2FyOBo4iav%2F1hiaowrE6KmvLrqLJVyU3TkogVjJsburqKnzbaQXvgIRtKgAUu8iGbupS2jmasce7Sow%2FrGhtdprev6Sx6R4b4bltuWP%2FMsnQxRhluMMyPXNG0iBrXAcSSxg%3D%3D","environmentVariables":{"FIREBASE_CONFIG":"{\"projectId\":\"the-angels-share\",\"storageBucket\":\"the-angels-share.appspot.com\",\"locationId\":\"europe-west\"}"},"runtime":"nodejs10","ingressSettings":"ALLOW_ALL","buildId":"5d44b04b-322c-441f-9054-398d26dd7a5c"},"versionId":"7","updateTime":"2021-05-01T08:14:50Z","buildId":"e01db64c-f8d4-4994-aeec-00d0c6323477"}}
[debug] [2021-05-01T08:14:56.167Z] [update-projects/the-angels-share/locations/europe-west1/functions/createUser] Retrying task index 0
[debug] [2021-05-01T08:14:56.168Z] >>> [apiv2][query] GET https://cloudfunctions.googleapis.com/v1/operations/dGhlLWFuZ2Vscy1zaGFyZS9ldXJvcGUtd2VzdDEvY3JlYXRlVXNlci9UQ2x0NTV1MlVDMA [none]
[debug] [2021-05-01T08:14:57.006Z] <<< [apiv2][status] GET https://cloudfunctions.googleapis.com/v1/operations/dGhlLWFuZ2Vscy1zaGFyZS9ldXJvcGUtd2VzdDEvY3JlYXRlVXNlci9UQ2x0NTV1MlVDMA 200
[debug] [2021-05-01T08:14:57.006Z] <<< [apiv2][body] GET https://cloudfunctions.googleapis.com/v1/operations/dGhlLWFuZ2Vscy1zaGFyZS9ldXJvcGUtd2VzdDEvY3JlYXRlVXNlci9UQ2x0NTV1MlVDMA {"name":"operations/dGhlLWFuZ2Vscy1zaGFyZS9ldXJvcGUtd2VzdDEvY3JlYXRlVXNlci9UQ2x0NTV1MlVDMA","metadata":{"@type":"type.googleapis.com/google.cloud.functions.v1.OperationMetadataV1","target":"projects/the-angels-share/locations/europe-west1/functions/createUser","type":"UPDATE_FUNCTION","request":{"@type":"type.googleapis.com/google.cloud.functions.v1.CloudFunction","name":"projects/the-angels-share/locations/europe-west1/functions/createUser","httpsTrigger":{},"status":"ACTIVE","entryPoint":"createUser","timeout":"60s","availableMemoryMb":256,"serviceAccountEmail":"the-angels-share@appspot.gserviceaccount.com","updateTime":"2021-05-01T04:25:42.528Z","versionId":"6","labels":{"deployment-tool":"cli-firebase","deployment-callable":"true"},"sourceUploadUrl":"https://storage.googleapis.com/gcf-upload-us-central1-0789de8f-7940-4c35-94c1-bfe55a0d4da0/96072775-152e-40ee-a656-5371214f9f58.zip?GoogleAccessId=service-123069590327@gcf-admin-robot.iam.gserviceaccount.com&Expires=1619858679&Signature=EU3Nns1iOA9EEUJ18hmACJa%2F%2FCouimXI2lstSE3gHJE9NIqA4Xswg4aHfwnfJNRgfu1QxebmzslIAeaR44C3yPmmETB30OMVky6yxEtJkxn%2FLVJeb9HH%2FxFU1OWq1%2FVX0SR3OM00rghnwGtpGEZTZY1qLTkm66FkP9VpyKu018LfSvCqgMO3EK9Y8vYigJrDoDw1dOO6%2FaQ%2BckM8DWdS%2FyOBo4iav%2F1hiaowrE6KmvLrqLJVyU3TkogVjJsburqKnzbaQXvgIRtKgAUu8iGbupS2jmasce7Sow%2FrGhtdprev6Sx6R4b4bltuWP%2FMsnQxRhluMMyPXNG0iBrXAcSSxg%3D%3D","environmentVariables":{"FIREBASE_CONFIG":"{\"projectId\":\"the-angels-share\",\"storageBucket\":\"the-angels-share.appspot.com\",\"locationId\":\"europe-west\"}"},"runtime":"nodejs10","ingressSettings":"ALLOW_ALL","buildId":"5d44b04b-322c-441f-9054-398d26dd7a5c"},"versionId":"7","updateTime":"2021-05-01T08:14:50Z","buildId":"e01db64c-f8d4-4994-aeec-00d0c6323477"}}
[debug] [2021-05-01T08:15:01.009Z] [update-projects/the-angels-share/locations/europe-west1/functions/createUser] Retrying task index 0
[debug] [2021-05-01T08:15:01.009Z] >>> [apiv2][query] GET https://cloudfunctions.googleapis.com/v1/operations/dGhlLWFuZ2Vscy1zaGFyZS9ldXJvcGUtd2VzdDEvY3JlYXRlVXNlci9UQ2x0NTV1MlVDMA [none]
[debug] [2021-05-01T08:15:01.794Z] <<< [apiv2][status] GET https://cloudfunctions.googleapis.com/v1/operations/dGhlLWFuZ2Vscy1zaGFyZS9ldXJvcGUtd2VzdDEvY3JlYXRlVXNlci9UQ2x0NTV1MlVDMA 200
[debug] [2021-05-01T08:15:01.795Z] <<< [apiv2][body] GET https://cloudfunctions.googleapis.com/v1/operations/dGhlLWFuZ2Vscy1zaGFyZS9ldXJvcGUtd2VzdDEvY3JlYXRlVXNlci9UQ2x0NTV1MlVDMA {"name":"operations/dGhlLWFuZ2Vscy1zaGFyZS9ldXJvcGUtd2VzdDEvY3JlYXRlVXNlci9UQ2x0NTV1MlVDMA","metadata":{"@type":"type.googleapis.com/google.cloud.functions.v1.OperationMetadataV1","target":"projects/the-angels-share/locations/europe-west1/functions/createUser","type":"UPDATE_FUNCTION","request":{"@type":"type.googleapis.com/google.cloud.functions.v1.CloudFunction","name":"projects/the-angels-share/locations/europe-west1/functions/createUser","httpsTrigger":{},"status":"ACTIVE","entryPoint":"createUser","timeout":"60s","availableMemoryMb":256,"serviceAccountEmail":"the-angels-share@appspot.gserviceaccount.com","updateTime":"2021-05-01T04:25:42.528Z","versionId":"6","labels":{"deployment-tool":"cli-firebase","deployment-callable":"true"},"sourceUploadUrl":"https://storage.googleapis.com/gcf-upload-us-central1-0789de8f-7940-4c35-94c1-bfe55a0d4da0/96072775-152e-40ee-a656-5371214f9f58.zip?GoogleAccessId=service-123069590327@gcf-admin-robot.iam.gserviceaccount.com&Expires=1619858679&Signature=EU3Nns1iOA9EEUJ18hmACJa%2F%2FCouimXI2lstSE3gHJE9NIqA4Xswg4aHfwnfJNRgfu1QxebmzslIAeaR44C3yPmmETB30OMVky6yxEtJkxn%2FLVJeb9HH%2FxFU1OWq1%2FVX0SR3OM00rghnwGtpGEZTZY1qLTkm66FkP9VpyKu018LfSvCqgMO3EK9Y8vYigJrDoDw1dOO6%2FaQ%2BckM8DWdS%2FyOBo4iav%2F1hiaowrE6KmvLrqLJVyU3TkogVjJsburqKnzbaQXvgIRtKgAUu8iGbupS2jmasce7Sow%2FrGhtdprev6Sx6R4b4bltuWP%2FMsnQxRhluMMyPXNG0iBrXAcSSxg%3D%3D","environmentVariables":{"FIREBASE_CONFIG":"{\"projectId\":\"the-angels-share\",\"storageBucket\":\"the-angels-share.appspot.com\",\"locationId\":\"europe-west\"}"},"runtime":"nodejs10","ingressSettings":"ALLOW_ALL","buildId":"5d44b04b-322c-441f-9054-398d26dd7a5c"},"versionId":"7","updateTime":"2021-05-01T08:14:50Z","buildId":"e01db64c-f8d4-4994-aeec-00d0c6323477"}}
[debug] [2021-05-01T08:15:09.799Z] [update-projects/the-angels-share/locations/europe-west1/functions/createUser] Retrying task index 0
[debug] [2021-05-01T08:15:09.799Z] >>> [apiv2][query] GET https://cloudfunctions.googleapis.com/v1/operations/dGhlLWFuZ2Vscy1zaGFyZS9ldXJvcGUtd2VzdDEvY3JlYXRlVXNlci9UQ2x0NTV1MlVDMA [none]
[debug] [2021-05-01T08:15:10.490Z] <<< [apiv2][status] GET https://cloudfunctions.googleapis.com/v1/operations/dGhlLWFuZ2Vscy1zaGFyZS9ldXJvcGUtd2VzdDEvY3JlYXRlVXNlci9UQ2x0NTV1MlVDMA 200
[debug] [2021-05-01T08:15:10.490Z] <<< [apiv2][body] GET https://cloudfunctions.googleapis.com/v1/operations/dGhlLWFuZ2Vscy1zaGFyZS9ldXJvcGUtd2VzdDEvY3JlYXRlVXNlci9UQ2x0NTV1MlVDMA {"name":"operations/dGhlLWFuZ2Vscy1zaGFyZS9ldXJvcGUtd2VzdDEvY3JlYXRlVXNlci9UQ2x0NTV1MlVDMA","metadata":{"@type":"type.googleapis.com/google.cloud.functions.v1.OperationMetadataV1","target":"projects/the-angels-share/locations/europe-west1/functions/createUser","type":"UPDATE_FUNCTION","request":{"@type":"type.googleapis.com/google.cloud.functions.v1.CloudFunction","name":"projects/the-angels-share/locations/europe-west1/functions/createUser","httpsTrigger":{},"status":"ACTIVE","entryPoint":"createUser","timeout":"60s","availableMemoryMb":256,"serviceAccountEmail":"the-angels-share@appspot.gserviceaccount.com","updateTime":"2021-05-01T04:25:42.528Z","versionId":"6","labels":{"deployment-tool":"cli-firebase","deployment-callable":"true"},"sourceUploadUrl":"https://storage.googleapis.com/gcf-upload-us-central1-0789de8f-7940-4c35-94c1-bfe55a0d4da0/96072775-152e-40ee-a656-5371214f9f58.zip?GoogleAccessId=service-123069590327@gcf-admin-robot.iam.gserviceaccount.com&Expires=1619858679&Signature=EU3Nns1iOA9EEUJ18hmACJa%2F%2FCouimXI2lstSE3gHJE9NIqA4Xswg4aHfwnfJNRgfu1QxebmzslIAeaR44C3yPmmETB30OMVky6yxEtJkxn%2FLVJeb9HH%2FxFU1OWq1%2FVX0SR3OM00rghnwGtpGEZTZY1qLTkm66FkP9VpyKu018LfSvCqgMO3EK9Y8vYigJrDoDw1dOO6%2FaQ%2BckM8DWdS%2FyOBo4iav%2F1hiaowrE6KmvLrqLJVyU3TkogVjJsburqKnzbaQXvgIRtKgAUu8iGbupS2jmasce7Sow%2FrGhtdprev6Sx6R4b4bltuWP%2FMsnQxRhluMMyPXNG0iBrXAcSSxg%3D%3D","environmentVariables":{"FIREBASE_CONFIG":"{\"projectId\":\"the-angels-share\",\"storageBucket\":\"the-angels-share.appspot.com\",\"locationId\":\"europe-west\"}"},"runtime":"nodejs10","ingressSettings":"ALLOW_ALL","buildId":"5d44b04b-322c-441f-9054-398d26dd7a5c"},"versionId":"7","updateTime":"2021-05-01T08:14:50Z","buildId":"e01db64c-f8d4-4994-aeec-00d0c6323477"}}
[debug] [2021-05-01T08:15:26.491Z] [update-projects/the-angels-share/locations/europe-west1/functions/createUser] Retrying task index 0
[debug] [2021-05-01T08:15:26.492Z] >>> [apiv2][query] GET https://cloudfunctions.googleapis.com/v1/operations/dGhlLWFuZ2Vscy1zaGFyZS9ldXJvcGUtd2VzdDEvY3JlYXRlVXNlci9UQ2x0NTV1MlVDMA [none]
[debug] [2021-05-01T08:15:27.288Z] <<< [apiv2][status] GET https://cloudfunctions.googleapis.com/v1/operations/dGhlLWFuZ2Vscy1zaGFyZS9ldXJvcGUtd2VzdDEvY3JlYXRlVXNlci9UQ2x0NTV1MlVDMA 200
[debug] [2021-05-01T08:15:27.288Z] <<< [apiv2][body] GET https://cloudfunctions.googleapis.com/v1/operations/dGhlLWFuZ2Vscy1zaGFyZS9ldXJvcGUtd2VzdDEvY3JlYXRlVXNlci9UQ2x0NTV1MlVDMA {"name":"operations/dGhlLWFuZ2Vscy1zaGFyZS9ldXJvcGUtd2VzdDEvY3JlYXRlVXNlci9UQ2x0NTV1MlVDMA","metadata":{"@type":"type.googleapis.com/google.cloud.functions.v1.OperationMetadataV1","target":"projects/the-angels-share/locations/europe-west1/functions/createUser","type":"UPDATE_FUNCTION","request":{"@type":"type.googleapis.com/google.cloud.functions.v1.CloudFunction","name":"projects/the-angels-share/locations/europe-west1/functions/createUser","httpsTrigger":{},"status":"ACTIVE","entryPoint":"createUser","timeout":"60s","availableMemoryMb":256,"serviceAccountEmail":"the-angels-share@appspot.gserviceaccount.com","updateTime":"2021-05-01T04:25:42.528Z","versionId":"6","labels":{"deployment-tool":"cli-firebase","deployment-callable":"true"},"sourceUploadUrl":"https://storage.googleapis.com/gcf-upload-us-central1-0789de8f-7940-4c35-94c1-bfe55a0d4da0/96072775-152e-40ee-a656-5371214f9f58.zip?GoogleAccessId=service-123069590327@gcf-admin-robot.iam.gserviceaccount.com&Expires=1619858679&Signature=EU3Nns1iOA9EEUJ18hmACJa%2F%2FCouimXI2lstSE3gHJE9NIqA4Xswg4aHfwnfJNRgfu1QxebmzslIAeaR44C3yPmmETB30OMVky6yxEtJkxn%2FLVJeb9HH%2FxFU1OWq1%2FVX0SR3OM00rghnwGtpGEZTZY1qLTkm66FkP9VpyKu018LfSvCqgMO3EK9Y8vYigJrDoDw1dOO6%2FaQ%2BckM8DWdS%2FyOBo4iav%2F1hiaowrE6KmvLrqLJVyU3TkogVjJsburqKnzbaQXvgIRtKgAUu8iGbupS2jmasce7Sow%2FrGhtdprev6Sx6R4b4bltuWP%2FMsnQxRhluMMyPXNG0iBrXAcSSxg%3D%3D","environmentVariables":{"FIREBASE_CONFIG":"{\"projectId\":\"the-angels-share\",\"storageBucket\":\"the-angels-share.appspot.com\",\"locationId\":\"europe-west\"}"},"runtime":"nodejs10","ingressSettings":"ALLOW_ALL","buildId":"5d44b04b-322c-441f-9054-398d26dd7a5c"},"versionId":"7","updateTime":"2021-05-01T08:14:50Z","buildId":"e01db64c-f8d4-4994-aeec-00d0c6323477"}}
[debug] [2021-05-01T08:15:59.293Z] [update-projects/the-angels-share/locations/europe-west1/functions/createUser] Retrying task index 0
[debug] [2021-05-01T08:15:59.293Z] >>> [apiv2][query] GET https://cloudfunctions.googleapis.com/v1/operations/dGhlLWFuZ2Vscy1zaGFyZS9ldXJvcGUtd2VzdDEvY3JlYXRlVXNlci9UQ2x0NTV1MlVDMA [none]
[debug] [2021-05-01T08:16:00.473Z] <<< [apiv2][status] GET https://cloudfunctions.googleapis.com/v1/operations/dGhlLWFuZ2Vscy1zaGFyZS9ldXJvcGUtd2VzdDEvY3JlYXRlVXNlci9UQ2x0NTV1MlVDMA 200
[debug] [2021-05-01T08:16:00.474Z] <<< [apiv2][body] GET https://cloudfunctions.googleapis.com/v1/operations/dGhlLWFuZ2Vscy1zaGFyZS9ldXJvcGUtd2VzdDEvY3JlYXRlVXNlci9UQ2x0NTV1MlVDMA {"name":"operations/dGhlLWFuZ2Vscy1zaGFyZS9ldXJvcGUtd2VzdDEvY3JlYXRlVXNlci9UQ2x0NTV1MlVDMA","metadata":{"@type":"type.googleapis.com/google.cloud.functions.v1.OperationMetadataV1","target":"projects/the-angels-share/locations/europe-west1/functions/createUser","type":"UPDATE_FUNCTION","request":{"@type":"type.googleapis.com/google.cloud.functions.v1.CloudFunction","name":"projects/the-angels-share/locations/europe-west1/functions/createUser","httpsTrigger":{},"status":"ACTIVE","entryPoint":"createUser","timeout":"60s","availableMemoryMb":256,"serviceAccountEmail":"the-angels-share@appspot.gserviceaccount.com","updateTime":"2021-05-01T04:25:42.528Z","versionId":"6","labels":{"deployment-tool":"cli-firebase","deployment-callable":"true"},"sourceUploadUrl":"https://storage.googleapis.com/gcf-upload-us-central1-0789de8f-7940-4c35-94c1-bfe55a0d4da0/96072775-152e-40ee-a656-5371214f9f58.zip?GoogleAccessId=service-123069590327@gcf-admin-robot.iam.gserviceaccount.com&Expires=1619858679&Signature=EU3Nns1iOA9EEUJ18hmACJa%2F%2FCouimXI2lstSE3gHJE9NIqA4Xswg4aHfwnfJNRgfu1QxebmzslIAeaR44C3yPmmETB30OMVky6yxEtJkxn%2FLVJeb9HH%2FxFU1OWq1%2FVX0SR3OM00rghnwGtpGEZTZY1qLTkm66FkP9VpyKu018LfSvCqgMO3EK9Y8vYigJrDoDw1dOO6%2FaQ%2BckM8DWdS%2FyOBo4iav%2F1hiaowrE6KmvLrqLJVyU3TkogVjJsburqKnzbaQXvgIRtKgAUu8iGbupS2jmasce7Sow%2FrGhtdprev6Sx6R4b4bltuWP%2FMsnQxRhluMMyPXNG0iBrXAcSSxg%3D%3D","environmentVariables":{"FIREBASE_CONFIG":"{\"projectId\":\"the-angels-share\",\"storageBucket\":\"the-angels-share.appspot.com\",\"locationId\":\"europe-west\"}"},"runtime":"nodejs10","ingressSettings":"ALLOW_ALL","buildId":"5d44b04b-322c-441f-9054-398d26dd7a5c"},"versionId":"7","updateTime":"2021-05-01T08:14:50Z","buildId":"e01db64c-f8d4-4994-aeec-00d0c6323477","sourceToken":"3c0477c4-1ab0-4277-a29c-4dd7b061211b"}}
[debug] [2021-05-01T08:16:00.474Z] Got sourceToken 3c0477c4-1ab0-4277-a29c-4dd7b061211b for region europe-west1
[debug] [2021-05-01T08:17:00.478Z] [update-projects/the-angels-share/locations/europe-west1/functions/createUser] Retrying task index 0
[debug] [2021-05-01T08:17:00.484Z] >>> [apiv2][query] GET https://cloudfunctions.googleapis.com/v1/operations/dGhlLWFuZ2Vscy1zaGFyZS9ldXJvcGUtd2VzdDEvY3JlYXRlVXNlci9UQ2x0NTV1MlVDMA [none]
[debug] [2021-05-01T08:17:01.183Z] <<< [apiv2][status] GET https://cloudfunctions.googleapis.com/v1/operations/dGhlLWFuZ2Vscy1zaGFyZS9ldXJvcGUtd2VzdDEvY3JlYXRlVXNlci9UQ2x0NTV1MlVDMA 200
[debug] [2021-05-01T08:17:01.184Z] <<< [apiv2][body] GET https://cloudfunctions.googleapis.com/v1/operations/dGhlLWFuZ2Vscy1zaGFyZS9ldXJvcGUtd2VzdDEvY3JlYXRlVXNlci9UQ2x0NTV1MlVDMA {"name":"operations/dGhlLWFuZ2Vscy1zaGFyZS9ldXJvcGUtd2VzdDEvY3JlYXRlVXNlci9UQ2x0NTV1MlVDMA","metadata":{"@type":"type.googleapis.com/google.cloud.functions.v1.OperationMetadataV1","target":"projects/the-angels-share/locations/europe-west1/functions/createUser","type":"UPDATE_FUNCTION","request":{"@type":"type.googleapis.com/google.cloud.functions.v1.CloudFunction","name":"projects/the-angels-share/locations/europe-west1/functions/createUser","httpsTrigger":{},"status":"ACTIVE","entryPoint":"createUser","timeout":"60s","availableMemoryMb":256,"serviceAccountEmail":"the-angels-share@appspot.gserviceaccount.com","updateTime":"2021-05-01T04:25:42.528Z","versionId":"6","labels":{"deployment-tool":"cli-firebase","deployment-callable":"true"},"sourceUploadUrl":"https://storage.googleapis.com/gcf-upload-us-central1-0789de8f-7940-4c35-94c1-bfe55a0d4da0/96072775-152e-40ee-a656-5371214f9f58.zip?GoogleAccessId=service-123069590327@gcf-admin-robot.iam.gserviceaccount.com&Expires=1619858679&Signature=EU3Nns1iOA9EEUJ18hmACJa%2F%2FCouimXI2lstSE3gHJE9NIqA4Xswg4aHfwnfJNRgfu1QxebmzslIAeaR44C3yPmmETB30OMVky6yxEtJkxn%2FLVJeb9HH%2FxFU1OWq1%2FVX0SR3OM00rghnwGtpGEZTZY1qLTkm66FkP9VpyKu018LfSvCqgMO3EK9Y8vYigJrDoDw1dOO6%2FaQ%2BckM8DWdS%2FyOBo4iav%2F1hiaowrE6KmvLrqLJVyU3TkogVjJsburqKnzbaQXvgIRtKgAUu8iGbupS2jmasce7Sow%2FrGhtdprev6Sx6R4b4bltuWP%2FMsnQxRhluMMyPXNG0iBrXAcSSxg%3D%3D","environmentVariables":{"FIREBASE_CONFIG":"{\"projectId\":\"the-angels-share\",\"storageBucket\":\"the-angels-share.appspot.com\",\"locationId\":\"europe-west\"}"},"runtime":"nodejs10","ingressSettings":"ALLOW_ALL","buildId":"5d44b04b-322c-441f-9054-398d26dd7a5c"},"versionId":"7","updateTime":"2021-05-01T08:16:03Z","buildId":"e01db64c-f8d4-4994-aeec-00d0c6323477","sourceToken":"3c0477c4-1ab0-4277-a29c-4dd7b061211b"},"done":true,"response":{"@type":"type.googleapis.com/google.cloud.functions.v1.CloudFunction","name":"projects/the-angels-share/locations/europe-west1/functions/createUser","httpsTrigger":{"url":"https://europe-west1-the-angels-share.cloudfunctions.net/createUser","securityLevel":"SECURE_OPTIONAL"},"status":"ACTIVE","entryPoint":"createUser","timeout":"60s","availableMemoryMb":256,"serviceAccountEmail":"the-angels-share@appspot.gserviceaccount.com","updateTime":"2021-05-01T08:16:03.045Z","versionId":"7","labels":{"deployment-tool":"cli-firebase","deployment-callable":"true"},"sourceUploadUrl":"https://storage.googleapis.com/gcf-upload-us-central1-0789de8f-7940-4c35-94c1-bfe55a0d4da0/96072775-152e-40ee-a656-5371214f9f58.zip?GoogleAccessId=service-123069590327@gcf-admin-robot.iam.gserviceaccount.com&Expires=1619858679&Signature=EU3Nns1iOA9EEUJ18hmACJa%2F%2FCouimXI2lstSE3gHJE9NIqA4Xswg4aHfwnfJNRgfu1QxebmzslIAeaR44C3yPmmETB30OMVky6yxEtJkxn%2FLVJeb9HH%2FxFU1OWq1%2FVX0SR3OM00rghnwGtpGEZTZY1qLTkm66FkP9VpyKu018LfSvCqgMO3EK9Y8vYigJrDoDw1dOO6%2FaQ%2BckM8DWdS%2FyOBo4iav%2F1hiaowrE6KmvLrqLJVyU3TkogVjJsburqKnzbaQXvgIRtKgAUu8iGbupS2jmasce7Sow%2FrGhtdprev6Sx6R4b4bltuWP%2FMsnQxRhluMMyPXNG0iBrXAcSSxg%3D%3D","environmentVariables":{"FIREBASE_CONFIG":"{\"projectId\":\"the-angels-share\",\"storageBucket\":\"the-angels-share.appspot.com\",\"locationId\":\"europe-west\"}"},"runtime":"nodejs10","ingressSettings":"ALLOW_ALL","buildId":"e01db64c-f8d4-4994-aeec-00d0c6323477"}}
[info] ✔  functions[createUser(europe-west1)]: Successful update operation.  
[debug] [2021-05-01T08:17:01.185Z] Total Function Deployment time: 132436
[debug] [2021-05-01T08:17:01.186Z] 1 Functions Deployed
[debug] [2021-05-01T08:17:01.186Z] 0 Functions Errored
[debug] [2021-05-01T08:17:01.186Z] Average Function Deployment time: 132436
[debug] [2021-05-01T08:17:01.187Z] > refreshing access token with scopes: ["email","https://www.googleapis.com/auth/cloud-platform","https://www.googleapis.com/auth/cloudplatformprojects.readonly","https://www.googleapis.com/auth/firebase","openid"]
[debug] [2021-05-01T08:17:01.187Z] >>> HTTP REQUEST POST https://www.googleapis.com/oauth2/v3/token  
 <request body omitted>
[debug] [2021-05-01T08:17:01.188Z] [
  {
    "config": {
      "public": "public",
      "ignore": [
        "firebase.json",
        "**/.*",
        "**/node_modules/**"
      ],
      "rewrites": [
        {
          "source": "**",
          "destination": "/index.html"
        }
      ],
      "site": "the-angels-share"
    },
    "site": "the-angels-share",
    "version": "sites/the-angels-share/versions/6559ba5609ef6118"
  }
]
[info] i  hosting[the-angels-share]: finalizing version... 
[debug] [2021-05-01T08:17:01.188Z] > refreshing access token with scopes: ["email","https://www.googleapis.com/auth/cloud-platform","https://www.googleapis.com/auth/cloudplatformprojects.readonly","https://www.googleapis.com/auth/firebase","openid"]
[debug] [2021-05-01T08:17:01.188Z] >>> HTTP REQUEST POST https://www.googleapis.com/oauth2/v3/token  
 <request body omitted>
[debug] [2021-05-01T08:17:01.574Z] <<< HTTP RESPONSE 200 {"date":"Sat, 01 May 2021 08:17:01 GMT","expires":"Mon, 01 Jan 1990 00:00:00 GMT","pragma":"no-cache","cache-control":"no-cache, no-store, max-age=0, must-revalidate","content-type":"application/json; charset=utf-8","vary":"X-Origin, Referer, Origin,Accept-Encoding","server":"scaffolding on HTTPServer2","x-xss-protection":"0","x-frame-options":"SAMEORIGIN","x-content-type-options":"nosniff","alt-svc":"h3-29=\":443\"; ma=2592000,h3-T051=\":443\"; ma=2592000,h3-Q050=\":443\"; ma=2592000,h3-Q046=\":443\"; ma=2592000,h3-Q043=\":443\"; ma=2592000,quic=\":443\"; ma=2592000; v=\"46,43\"","accept-ranges":"none","transfer-encoding":"chunked"}
[debug] [2021-05-01T08:17:01.635Z] >>> HTTP REQUEST GET https://cloudfunctions.googleapis.com/v1/projects/the-angels-share/locations/-/functions  
 
[debug] [2021-05-01T08:17:01.639Z] <<< HTTP RESPONSE 200 {"expires":"Mon, 01 Jan 1990 00:00:00 GMT","pragma":"no-cache","date":"Sat, 01 May 2021 08:17:01 GMT","cache-control":"no-cache, no-store, max-age=0, must-revalidate","content-type":"application/json; charset=utf-8","vary":"X-Origin, Referer, Origin,Accept-Encoding","server":"scaffolding on HTTPServer2","x-xss-protection":"0","x-frame-options":"SAMEORIGIN","x-content-type-options":"nosniff","alt-svc":"h3-29=\":443\"; ma=2592000,h3-T051=\":443\"; ma=2592000,h3-Q050=\":443\"; ma=2592000,h3-Q046=\":443\"; ma=2592000,h3-Q043=\":443\"; ma=2592000,quic=\":443\"; ma=2592000; v=\"46,43\"","accept-ranges":"none","transfer-encoding":"chunked"}
[debug] [2021-05-01T08:17:01.695Z] >>> HTTP REQUEST PATCH https://firebasehosting.googleapis.com/v1beta1/sites/the-angels-share/versions/6559ba5609ef6118?updateMask=status  
 {"status":"FINALIZED"}
